mode: atomic
booking_api/internal/models/base.go:17.48,18.22 1 1
booking_api/internal/models/base.go:18.22,20.3 1 1
booking_api/internal/models/base.go:21.2,21.12 1 1
booking_api/internal/models/bookings.go:83.48,88.28 3 1
booking_api/internal/models/bookings.go:88.28,97.3 2 1
booking_api/internal/models/bookings.go:99.2,107.3 1 1
booking_api/internal/infrastructure/logger/logger.go:14.49,16.16 2 2
booking_api/internal/infrastructure/logger/logger.go:16.16,18.3 1 1
booking_api/internal/infrastructure/logger/logger.go:20.2,48.20 5 1
booking_api/internal/services/bookings_services.go:34.18,39.2 1 13
booking_api/internal/services/bookings_services.go:43.33,45.28 2 13
booking_api/internal/services/bookings_services.go:45.28,47.3 1 10
booking_api/internal/services/bookings_services.go:48.2,48.14 1 3
booking_api/internal/services/bookings_services.go:53.92,58.46 3 4
booking_api/internal/services/bookings_services.go:58.46,60.3 1 4
booking_api/internal/services/bookings_services.go:61.2,68.42 5 4
booking_api/internal/services/bookings_services.go:68.42,70.17 2 7
booking_api/internal/services/bookings_services.go:70.17,71.9 1 2
booking_api/internal/services/bookings_services.go:74.3,74.22 1 5
booking_api/internal/services/bookings_services.go:74.22,76.12 2 4
booking_api/internal/services/bookings_services.go:79.3,80.58 2 1
booking_api/internal/services/bookings_services.go:83.2,83.16 1 3
booking_api/internal/services/bookings_services.go:83.16,85.3 1 1
booking_api/internal/services/bookings_services.go:87.2,89.29 2 2
booking_api/internal/services/bookings_services.go:94.92,100.42 4 4
booking_api/internal/services/bookings_services.go:100.42,102.17 2 7
booking_api/internal/services/bookings_services.go:102.17,103.9 1 2
booking_api/internal/services/bookings_services.go:106.3,106.22 1 5
booking_api/internal/services/bookings_services.go:106.22,108.12 2 4
booking_api/internal/services/bookings_services.go:111.3,112.18 2 1
booking_api/internal/services/bookings_services.go:115.2,115.16 1 3
booking_api/internal/services/bookings_services.go:115.16,117.3 1 1
booking_api/internal/services/bookings_services.go:119.2,121.29 2 2
booking_api/internal/services/bookings_services.go:126.67,130.16 3 2
booking_api/internal/services/bookings_services.go:130.16,133.3 2 1
booking_api/internal/services/bookings_services.go:135.2,136.12 2 1
booking_api/internal/services/bookings_services.go:141.88,145.16 3 2
booking_api/internal/services/bookings_services.go:145.16,147.3 1 1
booking_api/internal/services/bookings_services.go:149.2,149.29 1 1
booking_api/internal/services/bookings_services.go:154.120,162.16 3 2
booking_api/internal/services/bookings_services.go:162.16,164.3 1 1
booking_api/internal/services/bookings_services.go:166.2,167.35 2 1
booking_api/internal/services/bookings_services.go:167.35,169.3 1 1
booking_api/internal/services/bookings_services.go:171.2,171.30 1 1
booking_api/internal/services/bookings_services.go:176.97,180.16 3 2
booking_api/internal/services/bookings_services.go:180.16,182.3 1 1
booking_api/internal/services/bookings_services.go:184.2,189.26 2 1
booking_api/internal/services/bookings_services.go:189.26,202.19 4 3
booking_api/internal/services/bookings_services.go:203.43,204.24 1 1
booking_api/internal/services/bookings_services.go:205.41,206.22 1 1
booking_api/internal/services/bookings_services.go:207.38,208.19 1 1
booking_api/internal/services/bookings_services.go:212.2,212.22 1 1
booking_api/internal/services/bookings_services.go:217.63,221.16 3 2
booking_api/internal/services/bookings_services.go:221.16,224.3 2 1
booking_api/internal/services/bookings_services.go:226.2,227.19 2 1
booking_api/internal/middleware/middleware.go:11.56,12.30 1 1
booking_api/internal/middleware/middleware.go:12.30,32.20 8 2
booking_api/internal/middleware/middleware.go:32.20,34.4 1 0
booking_api/internal/middleware/middleware.go:34.9,34.27 1 2
booking_api/internal/middleware/middleware.go:34.27,36.4 1 0
booking_api/internal/middleware/middleware.go:36.9,38.4 1 2
booking_api/internal/middleware/middleware.go:42.29,43.30 1 1
booking_api/internal/middleware/middleware.go:43.30,50.45 6 3
booking_api/internal/middleware/middleware.go:50.45,53.4 2 1
booking_api/internal/middleware/middleware.go:55.3,55.11 1 2
booking_api/internal/middleware/middleware.go:59.34,60.30 1 1
booking_api/internal/middleware/middleware.go:60.30,62.22 2 2
booking_api/internal/middleware/middleware.go:62.22,64.4 1 1
booking_api/internal/middleware/middleware.go:65.3,67.11 3 2
booking_api/internal/middleware/middleware.go:71.33,73.2 1 1
booking_api/internal/middleware/middleware.go:75.33,78.19 3 1
booking_api/internal/middleware/middleware.go:78.19,81.3 2 8
booking_api/internal/middleware/middleware.go:82.2,82.18 1 1
booking_api/internal/config/config.go:17.25,45.2 3 1
booking_api/internal/repository/booking_repository.go:32.78,37.2 1 9
booking_api/internal/repository/booking_repository.go:39.97,49.16 4 4
booking_api/internal/repository/booking_repository.go:49.16,51.3 1 1
booking_api/internal/repository/booking_repository.go:53.2,53.23 1 3
booking_api/internal/repository/booking_repository.go:53.23,56.35 1 5
booking_api/internal/repository/booking_repository.go:56.35,61.4 3 1
booking_api/internal/repository/booking_repository.go:64.2,64.19 1 3
booking_api/internal/repository/booking_repository.go:69.90,72.50 2 7
booking_api/internal/repository/booking_repository.go:72.50,95.35 4 7
booking_api/internal/repository/booking_repository.go:95.35,97.4 1 1
booking_api/internal/repository/booking_repository.go:99.3,99.37 1 6
booking_api/internal/repository/booking_repository.go:99.37,101.4 1 1
booking_api/internal/repository/booking_repository.go:103.3,110.50 2 5
booking_api/internal/repository/booking_repository.go:110.50,112.4 1 0
booking_api/internal/repository/booking_repository.go:114.3,115.27 2 5
booking_api/internal/repository/booking_repository.go:115.27,117.4 1 7
booking_api/internal/repository/booking_repository.go:119.3,125.25 1 5
booking_api/internal/repository/booking_repository.go:125.25,127.4 1 0
booking_api/internal/repository/booking_repository.go:129.3,132.38 2 5
booking_api/internal/repository/booking_repository.go:132.38,134.4 1 0
booking_api/internal/repository/booking_repository.go:136.3,137.30 2 5
booking_api/internal/repository/booking_repository.go:137.30,139.4 1 6
booking_api/internal/repository/booking_repository.go:141.3,142.27 2 5
booking_api/internal/repository/booking_repository.go:142.27,144.11 2 7
booking_api/internal/repository/booking_repository.go:144.11,148.5 1 1
booking_api/internal/repository/booking_repository.go:150.4,154.6 1 6
booking_api/internal/repository/booking_repository.go:157.3,157.49 1 4
booking_api/internal/repository/booking_repository.go:157.49,159.4 1 0
booking_api/internal/repository/booking_repository.go:161.3,163.59 1 4
booking_api/internal/repository/booking_repository.go:163.59,165.4 1 0
booking_api/internal/repository/booking_repository.go:167.3,167.13 1 4
booking_api/internal/repository/booking_repository.go:170.2,170.21 1 7
booking_api/internal/repository/booking_repository.go:175.90,178.50 2 4
booking_api/internal/repository/booking_repository.go:178.50,182.82 1 4
booking_api/internal/repository/booking_repository.go:182.82,183.37 1 1
booking_api/internal/repository/booking_repository.go:183.37,185.5 1 1
booking_api/internal/repository/booking_repository.go:186.4,186.14 1 0
booking_api/internal/repository/booking_repository.go:189.3,189.52 1 3
booking_api/internal/repository/booking_repository.go:189.52,193.4 1 1
booking_api/internal/repository/booking_repository.go:195.3,196.64 2 2
booking_api/internal/repository/booking_repository.go:196.64,198.4 1 1
booking_api/internal/repository/booking_repository.go:200.3,203.24 1 1
booking_api/internal/repository/booking_repository.go:203.24,205.4 1 0
booking_api/internal/repository/booking_repository.go:207.3,208.38 2 1
booking_api/internal/repository/booking_repository.go:208.38,210.4 1 2
booking_api/internal/repository/booking_repository.go:212.3,217.25 1 1
booking_api/internal/repository/booking_repository.go:217.25,219.4 1 0
booking_api/internal/repository/booking_repository.go:221.3,224.13 3 1
booking_api/internal/repository/booking_repository.go:227.2,227.16 1 4
booking_api/internal/repository/booking_repository.go:227.16,229.3 1 3
booking_api/internal/repository/booking_repository.go:231.2,231.22 1 1
booking_api/internal/repository/booking_repository.go:236.89,239.50 2 4
booking_api/internal/repository/booking_repository.go:239.50,243.82 1 4
booking_api/internal/repository/booking_repository.go:243.82,244.37 1 1
booking_api/internal/repository/booking_repository.go:244.37,246.5 1 1
booking_api/internal/repository/booking_repository.go:247.4,247.14 1 0
booking_api/internal/repository/booking_repository.go:250.3,250.53 1 3
booking_api/internal/repository/booking_repository.go:250.53,252.4 1 1
booking_api/internal/repository/booking_repository.go:254.3,254.52 1 2
booking_api/internal/repository/booking_repository.go:254.52,256.4 1 1
booking_api/internal/repository/booking_repository.go:258.3,261.24 1 1
booking_api/internal/repository/booking_repository.go:261.24,263.4 1 0
booking_api/internal/repository/booking_repository.go:265.3,266.38 2 1
booking_api/internal/repository/booking_repository.go:266.38,268.4 1 1
booking_api/internal/repository/booking_repository.go:270.3,276.25 1 1
booking_api/internal/repository/booking_repository.go:276.25,278.4 1 0
booking_api/internal/repository/booking_repository.go:280.3,283.13 3 1
booking_api/internal/repository/booking_repository.go:286.2,286.16 1 4
booking_api/internal/repository/booking_repository.go:286.16,288.3 1 3
booking_api/internal/repository/booking_repository.go:290.2,290.22 1 1
booking_api/internal/repository/booking_repository.go:295.90,302.16 3 3
booking_api/internal/repository/booking_repository.go:302.16,303.36 1 2
booking_api/internal/repository/booking_repository.go:303.36,305.4 1 1
booking_api/internal/repository/booking_repository.go:306.3,306.65 1 1
booking_api/internal/repository/booking_repository.go:309.2,309.22 1 1
booking_api/internal/repository/booking_repository.go:314.118,320.50 4 2
booking_api/internal/repository/booking_repository.go:320.50,322.3 1 1
booking_api/internal/repository/booking_repository.go:324.2,334.16 3 1
booking_api/internal/repository/booking_repository.go:334.16,336.3 1 0
booking_api/internal/repository/booking_repository.go:338.2,338.29 1 1
booking_api/internal/repository/booking_repository.go:343.66,347.50 3 4
booking_api/internal/repository/booking_repository.go:347.50,352.45 2 4
booking_api/internal/repository/booking_repository.go:352.45,354.4 1 1
booking_api/internal/repository/booking_repository.go:356.3,356.32 1 3
booking_api/internal/repository/booking_repository.go:356.32,358.4 1 1
booking_api/internal/repository/booking_repository.go:360.3,361.37 2 2
booking_api/internal/repository/booking_repository.go:361.37,363.4 1 3
booking_api/internal/repository/booking_repository.go:366.3,370.26 2 2
booking_api/internal/repository/booking_repository.go:370.26,372.4 1 1
booking_api/internal/repository/booking_repository.go:374.3,383.25 2 1
booking_api/internal/repository/booking_repository.go:383.25,385.4 1 0
booking_api/internal/repository/booking_repository.go:387.3,392.13 2 1
booking_api/internal/repository/booking_repository.go:395.2,395.27 1 4
booking_api/internal/apperror/errors.go:11.35,12.18 1 5
booking_api/internal/apperror/errors.go:12.18,14.3 1 1
booking_api/internal/apperror/errors.go:15.2,15.18 1 4
booking_api/internal/apperror/errors.go:18.35,20.2 1 1
booking_api/internal/apperror/errors.go:22.40,24.2 1 1
booking_api/internal/apperror/errors.go:26.40,28.2 1 1
booking_api/internal/apperror/errors.go:30.42,32.2 1 1
booking_api/internal/apperror/errors.go:34.51,36.2 1 2
booking_api/internal/apperror/errors.go:38.41,40.2 1 1
booking_api/internal/server/server.go:28.50,36.41 4 3
booking_api/internal/server/server.go:36.41,37.30 1 2
booking_api/internal/server/server.go:37.30,40.4 2 1
booking_api/internal/server/server.go:41.3,41.32 1 1
booking_api/internal/server/server.go:44.2,53.53 5 3
booking_api/internal/server/server.go:53.53,55.4 1 0
booking_api/internal/server/server.go:58.2,58.10 1 3
booking_api/internal/server/server.go:61.36,62.81 1 1
booking_api/internal/server/server.go:62.81,64.3 1 1
booking_api/internal/server/server.go:65.2,65.12 1 0
booking_api/internal/server/server.go:68.58,72.47 3 1
booking_api/internal/server/server.go:72.47,74.3 1 0
booking_api/internal/server/server.go:76.2,76.12 1 1
booking_api/internal/server/server.go:79.36,84.24 4 1
booking_api/internal/server/server.go:84.24,86.3 1 1
booking_api/internal/server/server.go:88.2,88.47 1 1
booking_api/internal/server/server.go:88.47,90.3 1 0
booking_api/internal/server/server.go:92.2,92.12 1 1
booking_api/internal/server/server.go:95.43,97.2 1 2
booking_api/internal/server/server.go:99.42,100.28 1 2
booking_api/internal/server/server.go:100.28,102.3 1 2
booking_api/internal/infrastructure/database/postgresql.go:25.60,26.20 1 2
booking_api/internal/infrastructure/database/postgresql.go:26.20,28.3 1 1
booking_api/internal/infrastructure/database/postgresql.go:30.2,30.23 1 1
booking_api/internal/infrastructure/database/postgresql.go:30.23,32.3 1 1
booking_api/internal/infrastructure/database/postgresql.go:34.2,47.16 3 1
booking_api/internal/infrastructure/database/postgresql.go:47.16,49.3 1 1
booking_api/internal/infrastructure/database/postgresql.go:51.2,52.16 2 0
booking_api/internal/infrastructure/database/postgresql.go:52.16,54.3 1 0
booking_api/internal/infrastructure/database/postgresql.go:56.2,60.37 4 0
booking_api/internal/infrastructure/database/postgresql.go:60.37,62.3 1 0
booking_api/internal/infrastructure/database/postgresql.go:64.2,64.16 1 0
booking_api/internal/handler/booking_handler.go:21.93,26.2 1 2
booking_api/internal/handler/booking_handler.go:28.62,30.2 2 2
booking_api/internal/handler/booking_handler.go:30.2,37.3 6 2
booking_api/internal/handler/booking_handler.go:39.2,40.2 2 2
booking_api/internal/handler/booking_handler.go:40.2,42.3 1 2
booking_api/internal/handler/booking_handler.go:57.52,59.47 2 2
booking_api/internal/handler/booking_handler.go:59.47,65.3 2 1
booking_api/internal/handler/booking_handler.go:67.2,68.16 2 1
booking_api/internal/handler/booking_handler.go:68.16,71.3 2 0
booking_api/internal/handler/booking_handler.go:73.2,76.4 1 1
booking_api/internal/handler/booking_handler.go:92.57,94.16 2 2
booking_api/internal/handler/booking_handler.go:94.16,100.3 2 0
booking_api/internal/handler/booking_handler.go:102.2,103.16 2 2
booking_api/internal/handler/booking_handler.go:103.16,106.3 2 1
booking_api/internal/handler/booking_handler.go:108.2,111.4 1 1
booking_api/internal/handler/booking_handler.go:127.56,129.16 2 2
booking_api/internal/handler/booking_handler.go:129.16,135.3 2 0
booking_api/internal/handler/booking_handler.go:137.2,137.59 1 2
booking_api/internal/handler/booking_handler.go:137.59,140.3 2 1
booking_api/internal/handler/booking_handler.go:142.2,144.4 1 1
booking_api/internal/handler/booking_handler.go:158.53,160.16 2 2
booking_api/internal/handler/booking_handler.go:160.16,166.3 2 1
booking_api/internal/handler/booking_handler.go:168.2,169.16 2 1
booking_api/internal/handler/booking_handler.go:169.16,172.3 2 0
booking_api/internal/handler/booking_handler.go:174.2,176.4 1 1
booking_api/internal/handler/booking_handler.go:191.60,193.16 2 3
booking_api/internal/handler/booking_handler.go:193.16,199.3 2 1
booking_api/internal/handler/booking_handler.go:201.2,202.55 2 2
booking_api/internal/handler/booking_handler.go:202.55,208.3 2 1
booking_api/internal/handler/booking_handler.go:210.2,211.16 2 1
booking_api/internal/handler/booking_handler.go:211.16,214.3 2 0
booking_api/internal/handler/booking_handler.go:216.2,224.4 2 1
booking_api/internal/handler/booking_handler.go:237.57,239.16 2 2
booking_api/internal/handler/booking_handler.go:239.16,245.3 2 1
booking_api/internal/handler/booking_handler.go:247.2,248.16 2 1
booking_api/internal/handler/booking_handler.go:248.16,251.3 2 0
booking_api/internal/handler/booking_handler.go:253.2,255.4 1 1
booking_api/internal/handler/booking_handler.go:267.62,269.16 2 2
booking_api/internal/handler/booking_handler.go:269.16,272.3 2 1
booking_api/internal/handler/booking_handler.go:274.2,277.4 1 1
booking_api/internal/handler/booking_handler.go:282.65,284.29 2 3
booking_api/internal/handler/booking_handler.go:284.29,290.3 2 1
booking_api/internal/handler/booking_handler.go:292.2,296.4 2 2
booking_api/internal/application/app.go:37.46,39.16 2 4
booking_api/internal/application/app.go:39.16,41.3 1 1
booking_api/internal/application/app.go:43.2,46.16 3 3
booking_api/internal/application/app.go:46.16,48.3 1 2
booking_api/internal/application/app.go:51.2,73.8 12 1
booking_api/internal/application/app.go:76.31,79.2 2 1
booking_api/internal/application/app.go:81.53,84.49 2 1
booking_api/internal/application/app.go:84.49,87.3 2 0
booking_api/internal/application/app.go:89.2,93.12 4 1
booking_api/internal/application/app.go:96.39,99.43 2 1
booking_api/internal/application/app.go:99.43,102.3 2 0
booking_api/internal/application/app.go:104.2,108.12 4 1
booking_api/internal/application/app.go:111.27,112.25 1 2
booking_api/internal/application/app.go:112.25,114.17 2 1
booking_api/internal/application/app.go:114.17,116.4 1 1
