mode: set
booking_api/internal/apperror/errors.go:11.35,12.18 1 1
booking_api/internal/apperror/errors.go:12.18,14.3 1 1
booking_api/internal/apperror/errors.go:15.2,15.18 1 1
booking_api/internal/apperror/errors.go:18.35,20.2 1 1
booking_api/internal/apperror/errors.go:22.40,24.2 1 1
booking_api/internal/apperror/errors.go:26.40,28.2 1 1
booking_api/internal/apperror/errors.go:30.42,32.2 1 1
booking_api/internal/apperror/errors.go:34.51,36.2 1 1
booking_api/internal/apperror/errors.go:38.41,40.2 1 1
booking_api/internal/realtime/seat_hub.go:14.28,18.2 1 1
booking_api/internal/realtime/seat_hub.go:20.63,26.38 4 1
booking_api/internal/realtime/seat_hub.go:26.38,28.3 1 1
booking_api/internal/realtime/seat_hub.go:29.2,31.11 2 1
booking_api/internal/realtime/seat_hub.go:34.69,38.66 3 1
booking_api/internal/realtime/seat_hub.go:38.66,40.28 2 1
booking_api/internal/realtime/seat_hub.go:40.28,42.4 1 1
booking_api/internal/realtime/seat_hub.go:44.2,44.11 1 1
booking_api/internal/realtime/seat_hub.go:47.67,51.44 3 1
booking_api/internal/realtime/seat_hub.go:51.44,52.10 1 1
booking_api/internal/realtime/seat_hub.go:53.22,53.22 0 1
booking_api/internal/realtime/seat_hub.go:54.11,54.11 0 1
booking_api/internal/realtime/seat_hub.go:59.45,64.32 4 1
booking_api/internal/realtime/seat_hub.go:64.32,66.3 1 1
booking_api/internal/realtime/seat_hub.go:67.2,67.12 1 1
booking_api/internal/models/base.go:17.48,18.22 1 1
booking_api/internal/models/base.go:18.22,20.3 1 1
booking_api/internal/models/base.go:21.2,21.12 1 1
booking_api/internal/models/bookings.go:88.39,90.2 1 1
booking_api/internal/models/bookings.go:92.48,97.28 3 1
booking_api/internal/models/bookings.go:97.28,106.3 2 1
booking_api/internal/models/bookings.go:108.2,117.3 1 1
booking_api/internal/infrastructure/database/postgresql.go:25.60,26.20 1 1
booking_api/internal/infrastructure/database/postgresql.go:26.20,28.3 1 1
booking_api/internal/infrastructure/database/postgresql.go:30.2,30.23 1 1
booking_api/internal/infrastructure/database/postgresql.go:30.23,32.3 1 1
booking_api/internal/infrastructure/database/postgresql.go:34.2,47.16 3 1
booking_api/internal/infrastructure/database/postgresql.go:47.16,49.3 1 1
booking_api/internal/infrastructure/database/postgresql.go:51.2,52.16 2 0
booking_api/internal/infrastructure/database/postgresql.go:52.16,54.3 1 0
booking_api/internal/infrastructure/database/postgresql.go:56.2,60.37 4 0
booking_api/internal/infrastructure/database/postgresql.go:60.37,62.3 1 0
booking_api/internal/infrastructure/database/postgresql.go:64.2,64.16 1 0
booking_api/internal/infrastructure/logger/logger.go:14.49,16.16 2 1
booking_api/internal/infrastructure/logger/logger.go:16.16,18.3 1 1
booking_api/internal/infrastructure/logger/logger.go:20.2,48.20 5 1
booking_api/internal/infrastructure/redislock/seat_locker.go:50.42,56.2 1 1
booking_api/internal/infrastructure/redislock/seat_locker.go:59.60,60.19 1 1
booking_api/internal/infrastructure/redislock/seat_locker.go:60.19,62.3 1 1
booking_api/internal/infrastructure/redislock/seat_locker.go:63.2,63.31 1 1
booking_api/internal/infrastructure/redislock/seat_locker.go:66.73,67.14 1 1
booking_api/internal/infrastructure/redislock/seat_locker.go:67.14,69.3 1 1
booking_api/internal/infrastructure/redislock/seat_locker.go:71.2,74.3 1 1
booking_api/internal/infrastructure/redislock/seat_locker.go:77.124,80.16 3 1
booking_api/internal/infrastructure/redislock/seat_locker.go:80.16,82.3 1 1
booking_api/internal/infrastructure/redislock/seat_locker.go:84.2,84.25 1 1
booking_api/internal/infrastructure/redislock/seat_locker.go:87.118,90.2 2 1
booking_api/internal/infrastructure/redislock/seat_locker.go:92.36,94.2 1 1
booking_api/internal/infrastructure/redislock/seat_locker.go:96.67,98.33 2 1
booking_api/internal/infrastructure/redislock/seat_locker.go:98.33,100.3 1 1
booking_api/internal/infrastructure/redislock/seat_locker.go:101.2,101.13 1 1
booking_api/internal/config/config.go:26.25,67.2 3 1
booking_api/internal/config/config.go:69.63,70.17 1 1
booking_api/internal/config/config.go:70.17,72.3 1 1
booking_api/internal/config/config.go:73.2,73.14 1 1
booking_api/internal/middleware/auth.go:29.50,30.30 1 1
booking_api/internal/middleware/auth.go:30.30,31.51 1 1
booking_api/internal/middleware/auth.go:31.51,34.4 2 0
booking_api/internal/middleware/auth.go:36.3,37.47 2 1
booking_api/internal/middleware/auth.go:37.47,43.4 2 1
booking_api/internal/middleware/auth.go:45.3,48.102 3 1
booking_api/internal/middleware/auth.go:48.102,49.72 1 1
booking_api/internal/middleware/auth.go:49.72,51.5 1 1
booking_api/internal/middleware/auth.go:52.4,52.37 1 1
booking_api/internal/middleware/auth.go:54.3,54.60 1 1
booking_api/internal/middleware/auth.go:54.60,60.4 2 1
booking_api/internal/middleware/auth.go:62.3,63.17 2 1
booking_api/internal/middleware/auth.go:63.17,69.4 2 1
booking_api/internal/middleware/auth.go:71.3,73.11 3 1
booking_api/internal/middleware/auth.go:77.37,78.30 1 1
booking_api/internal/middleware/auth.go:78.30,80.22 2 1
booking_api/internal/middleware/auth.go:80.22,86.4 2 1
booking_api/internal/middleware/auth.go:87.3,87.11 1 1
booking_api/internal/middleware/auth.go:91.54,93.29 2 1
booking_api/internal/middleware/auth.go:93.29,95.3 1 1
booking_api/internal/middleware/auth.go:96.2,96.30 1 1
booking_api/internal/middleware/auth.go:96.30,98.34 2 1
booking_api/internal/middleware/auth.go:98.34,104.4 2 1
booking_api/internal/middleware/auth.go:105.3,105.11 1 1
booking_api/internal/middleware/auth.go:109.50,111.9 2 1
booking_api/internal/middleware/auth.go:111.9,113.3 1 1
booking_api/internal/middleware/auth.go:114.2,115.15 2 1
booking_api/internal/middleware/auth.go:118.37,120.9 2 1
booking_api/internal/middleware/auth.go:120.9,122.3 1 1
booking_api/internal/middleware/auth.go:123.2,124.13 2 1
booking_api/internal/middleware/middleware.go:11.56,12.30 1 1
booking_api/internal/middleware/middleware.go:12.30,32.20 8 1
booking_api/internal/middleware/middleware.go:32.20,34.4 1 1
booking_api/internal/middleware/middleware.go:34.9,34.27 1 1
booking_api/internal/middleware/middleware.go:34.27,36.4 1 0
booking_api/internal/middleware/middleware.go:36.9,38.4 1 1
booking_api/internal/middleware/middleware.go:42.29,43.30 1 1
booking_api/internal/middleware/middleware.go:43.30,50.45 6 1
booking_api/internal/middleware/middleware.go:50.45,53.4 2 1
booking_api/internal/middleware/middleware.go:55.3,55.11 1 1
booking_api/internal/middleware/middleware.go:59.34,60.30 1 1
booking_api/internal/middleware/middleware.go:60.30,62.22 2 1
booking_api/internal/middleware/middleware.go:62.22,64.4 1 1
booking_api/internal/middleware/middleware.go:65.3,67.11 3 1
booking_api/internal/middleware/middleware.go:71.33,73.2 1 1
booking_api/internal/middleware/middleware.go:75.33,78.19 3 1
booking_api/internal/middleware/middleware.go:78.19,81.3 2 1
booking_api/internal/middleware/middleware.go:82.2,82.18 1 1
booking_api/internal/server/server.go:28.50,36.41 4 1
booking_api/internal/server/server.go:36.41,37.30 1 1
booking_api/internal/server/server.go:37.30,40.4 2 1
booking_api/internal/server/server.go:41.3,41.32 1 1
booking_api/internal/server/server.go:44.2,53.53 5 1
booking_api/internal/server/server.go:53.53,55.4 1 0
booking_api/internal/server/server.go:58.2,58.10 1 1
booking_api/internal/server/server.go:61.36,62.81 1 1
booking_api/internal/server/server.go:62.81,64.3 1 1
booking_api/internal/server/server.go:65.2,65.12 1 0
booking_api/internal/server/server.go:68.58,72.47 3 1
booking_api/internal/server/server.go:72.47,74.3 1 0
booking_api/internal/server/server.go:76.2,76.12 1 1
booking_api/internal/server/server.go:79.36,84.24 4 1
booking_api/internal/server/server.go:84.24,86.3 1 1
booking_api/internal/server/server.go:88.2,88.47 1 1
booking_api/internal/server/server.go:88.47,90.3 1 0
booking_api/internal/server/server.go:92.2,92.12 1 1
booking_api/internal/server/server.go:95.43,97.2 1 1
booking_api/internal/server/server.go:99.42,100.28 1 1
booking_api/internal/server/server.go:100.28,102.3 1 1
booking_api/internal/repository/booking_repository.go:35.78,40.2 1 1
booking_api/internal/repository/booking_repository.go:42.95,50.32 2 1
booking_api/internal/repository/booking_repository.go:50.32,51.36 1 1
booking_api/internal/repository/booking_repository.go:51.36,53.4 1 1
booking_api/internal/repository/booking_repository.go:54.3,54.87 1 0
booking_api/internal/repository/booking_repository.go:56.2,56.46 1 1
booking_api/internal/repository/booking_repository.go:59.97,69.16 4 1
booking_api/internal/repository/booking_repository.go:69.16,71.3 1 1
booking_api/internal/repository/booking_repository.go:73.2,73.20 1 1
booking_api/internal/repository/booking_repository.go:73.20,75.30 2 1
booking_api/internal/repository/booking_repository.go:75.30,77.4 1 1
booking_api/internal/repository/booking_repository.go:79.3,82.36 2 1
booking_api/internal/repository/booking_repository.go:82.36,84.4 1 0
booking_api/internal/repository/booking_repository.go:86.3,87.28 2 1
booking_api/internal/repository/booking_repository.go:87.28,89.4 1 1
booking_api/internal/repository/booking_repository.go:91.3,91.24 1 1
booking_api/internal/repository/booking_repository.go:91.24,92.50 1 1
booking_api/internal/repository/booking_repository.go:92.50,95.5 2 1
booking_api/internal/repository/booking_repository.go:99.2,99.23 1 1
booking_api/internal/repository/booking_repository.go:99.23,102.35 1 1
booking_api/internal/repository/booking_repository.go:102.35,107.4 3 1
booking_api/internal/repository/booking_repository.go:110.2,110.19 1 1
booking_api/internal/repository/booking_repository.go:115.90,118.50 2 1
booking_api/internal/repository/booking_repository.go:118.50,141.35 4 1
booking_api/internal/repository/booking_repository.go:141.35,143.4 1 1
booking_api/internal/repository/booking_repository.go:145.3,145.37 1 1
booking_api/internal/repository/booking_repository.go:145.37,157.41 2 1
booking_api/internal/repository/booking_repository.go:157.41,159.5 1 0
booking_api/internal/repository/booking_repository.go:161.4,161.28 1 1
booking_api/internal/repository/booking_repository.go:161.28,163.5 1 0
booking_api/internal/repository/booking_repository.go:165.4,166.36 2 1
booking_api/internal/repository/booking_repository.go:166.36,167.28 1 1
booking_api/internal/repository/booking_repository.go:167.28,169.14 2 0
booking_api/internal/repository/booking_repository.go:171.5,171.102 1 1
booking_api/internal/repository/booking_repository.go:174.4,176.5 1 1
booking_api/internal/repository/booking_repository.go:179.3,186.50 2 1
booking_api/internal/repository/booking_repository.go:186.50,188.4 1 0
booking_api/internal/repository/booking_repository.go:190.3,191.27 2 1
booking_api/internal/repository/booking_repository.go:191.27,193.4 1 1
booking_api/internal/repository/booking_repository.go:195.3,201.25 1 1
booking_api/internal/repository/booking_repository.go:201.25,203.4 1 0
booking_api/internal/repository/booking_repository.go:205.3,208.38 2 1
booking_api/internal/repository/booking_repository.go:208.38,210.4 1 0
booking_api/internal/repository/booking_repository.go:212.3,213.30 2 1
booking_api/internal/repository/booking_repository.go:213.30,215.4 1 1
booking_api/internal/repository/booking_repository.go:217.3,218.27 2 1
booking_api/internal/repository/booking_repository.go:218.27,220.11 2 1
booking_api/internal/repository/booking_repository.go:220.11,224.5 1 1
booking_api/internal/repository/booking_repository.go:226.4,230.6 1 1
booking_api/internal/repository/booking_repository.go:233.3,233.49 1 1
booking_api/internal/repository/booking_repository.go:233.49,235.4 1 0
booking_api/internal/repository/booking_repository.go:237.3,239.59 1 1
booking_api/internal/repository/booking_repository.go:239.59,241.4 1 0
booking_api/internal/repository/booking_repository.go:243.3,243.13 1 1
booking_api/internal/repository/booking_repository.go:246.2,246.21 1 1
booking_api/internal/repository/booking_repository.go:251.90,254.50 2 1
booking_api/internal/repository/booking_repository.go:254.50,258.82 1 1
booking_api/internal/repository/booking_repository.go:258.82,259.37 1 1
booking_api/internal/repository/booking_repository.go:259.37,261.5 1 1
booking_api/internal/repository/booking_repository.go:262.4,262.14 1 0
booking_api/internal/repository/booking_repository.go:265.3,265.52 1 1
booking_api/internal/repository/booking_repository.go:265.52,269.4 1 1
booking_api/internal/repository/booking_repository.go:271.3,272.64 2 1
booking_api/internal/repository/booking_repository.go:272.64,274.4 1 1
booking_api/internal/repository/booking_repository.go:276.3,281.25 1 1
booking_api/internal/repository/booking_repository.go:281.25,283.4 1 0
booking_api/internal/repository/booking_repository.go:285.3,286.38 2 1
booking_api/internal/repository/booking_repository.go:286.38,288.4 1 1
booking_api/internal/repository/booking_repository.go:290.3,295.25 1 1
booking_api/internal/repository/booking_repository.go:295.25,297.4 1 0
booking_api/internal/repository/booking_repository.go:299.3,302.13 3 1
booking_api/internal/repository/booking_repository.go:305.2,305.16 1 1
booking_api/internal/repository/booking_repository.go:305.16,307.3 1 1
booking_api/internal/repository/booking_repository.go:309.2,309.22 1 1
booking_api/internal/repository/booking_repository.go:314.89,317.50 2 1
booking_api/internal/repository/booking_repository.go:317.50,321.82 1 1
booking_api/internal/repository/booking_repository.go:321.82,322.37 1 1
booking_api/internal/repository/booking_repository.go:322.37,324.5 1 1
booking_api/internal/repository/booking_repository.go:325.4,325.14 1 0
booking_api/internal/repository/booking_repository.go:328.3,328.53 1 1
booking_api/internal/repository/booking_repository.go:328.53,330.4 1 1
booking_api/internal/repository/booking_repository.go:332.3,332.52 1 1
booking_api/internal/repository/booking_repository.go:332.52,334.4 1 1
booking_api/internal/repository/booking_repository.go:336.3,336.52 1 1
booking_api/internal/repository/booking_repository.go:336.52,340.4 1 1
booking_api/internal/repository/booking_repository.go:342.3,347.25 1 1
booking_api/internal/repository/booking_repository.go:347.25,349.4 1 0
booking_api/internal/repository/booking_repository.go:351.3,352.38 2 1
booking_api/internal/repository/booking_repository.go:352.38,354.4 1 1
booking_api/internal/repository/booking_repository.go:356.3,362.25 1 1
booking_api/internal/repository/booking_repository.go:362.25,364.4 1 0
booking_api/internal/repository/booking_repository.go:366.3,369.13 3 1
booking_api/internal/repository/booking_repository.go:372.2,372.16 1 1
booking_api/internal/repository/booking_repository.go:372.16,374.3 1 1
booking_api/internal/repository/booking_repository.go:376.2,376.22 1 1
booking_api/internal/repository/booking_repository.go:381.90,388.16 3 1
booking_api/internal/repository/booking_repository.go:388.16,389.36 1 1
booking_api/internal/repository/booking_repository.go:389.36,391.4 1 1
booking_api/internal/repository/booking_repository.go:392.3,392.65 1 1
booking_api/internal/repository/booking_repository.go:395.2,395.22 1 1
booking_api/internal/repository/booking_repository.go:400.118,406.50 4 1
booking_api/internal/repository/booking_repository.go:406.50,408.3 1 1
booking_api/internal/repository/booking_repository.go:410.2,420.16 3 1
booking_api/internal/repository/booking_repository.go:420.16,422.3 1 0
booking_api/internal/repository/booking_repository.go:424.2,424.29 1 1
booking_api/internal/repository/booking_repository.go:429.66,433.50 3 1
booking_api/internal/repository/booking_repository.go:433.50,438.45 2 1
booking_api/internal/repository/booking_repository.go:438.45,440.4 1 1
booking_api/internal/repository/booking_repository.go:442.3,442.32 1 1
booking_api/internal/repository/booking_repository.go:442.32,444.4 1 1
booking_api/internal/repository/booking_repository.go:446.3,447.37 2 1
booking_api/internal/repository/booking_repository.go:447.37,449.4 1 1
booking_api/internal/repository/booking_repository.go:452.3,456.26 2 1
booking_api/internal/repository/booking_repository.go:456.26,458.4 1 1
booking_api/internal/repository/booking_repository.go:460.3,469.25 2 1
booking_api/internal/repository/booking_repository.go:469.25,471.4 1 0
booking_api/internal/repository/booking_repository.go:473.3,478.13 2 1
booking_api/internal/repository/booking_repository.go:481.2,481.27 1 1
booking_api/internal/repository/booking_repository.go:486.86,499.41 4 1
booking_api/internal/repository/booking_repository.go:499.41,501.3 1 1
booking_api/internal/repository/booking_repository.go:502.2,502.34 1 1
booking_api/internal/repository/booking_repository.go:502.34,504.42 2 1
booking_api/internal/repository/booking_repository.go:505.33,506.33 1 1
booking_api/internal/repository/booking_repository.go:507.36,508.36 1 1
booking_api/internal/repository/booking_repository.go:509.37,510.37 1 1
booking_api/internal/repository/booking_repository.go:511.36,512.36 1 0
booking_api/internal/repository/booking_repository.go:517.2,525.39 3 1
booking_api/internal/repository/booking_repository.go:525.39,527.3 1 0
booking_api/internal/repository/booking_repository.go:528.2,528.32 1 1
booking_api/internal/repository/booking_repository.go:528.32,530.47 2 1
booking_api/internal/repository/booking_repository.go:531.43,532.35 1 1
booking_api/internal/repository/booking_repository.go:533.41,534.33 1 1
booking_api/internal/repository/booking_repository.go:535.38,537.32 2 1
booking_api/internal/repository/booking_repository.go:542.2,550.38 3 1
booking_api/internal/repository/booking_repository.go:550.38,552.3 1 0
booking_api/internal/repository/booking_repository.go:553.2,569.40 5 1
booking_api/internal/repository/booking_repository.go:569.40,571.3 1 0
booking_api/internal/repository/booking_repository.go:574.2,575.32 2 1
booking_api/internal/repository/booking_repository.go:575.32,577.3 1 1
booking_api/internal/repository/booking_repository.go:578.2,579.26 2 1
booking_api/internal/repository/booking_repository.go:579.26,585.3 2 1
booking_api/internal/repository/booking_repository.go:586.2,588.19 2 1
booking_api/internal/services/bookings_services.go:44.18,46.2 1 1
booking_api/internal/services/bookings_services.go:52.18,58.2 1 1
booking_api/internal/services/bookings_services.go:63.33,65.28 2 1
booking_api/internal/services/bookings_services.go:65.28,67.3 1 1
booking_api/internal/services/bookings_services.go:68.2,68.14 1 1
booking_api/internal/services/bookings_services.go:73.92,78.46 3 1
booking_api/internal/services/bookings_services.go:78.46,80.3 1 1
booking_api/internal/services/bookings_services.go:81.2,86.25 4 1
booking_api/internal/services/bookings_services.go:86.25,92.21 5 1
booking_api/internal/services/bookings_services.go:92.21,95.4 2 1
booking_api/internal/services/bookings_services.go:96.3,96.14 1 1
booking_api/internal/services/bookings_services.go:96.14,99.4 2 1
booking_api/internal/services/bookings_services.go:101.3,101.16 1 1
booking_api/internal/services/bookings_services.go:101.16,104.96 3 1
booking_api/internal/services/bookings_services.go:104.96,106.5 1 1
booking_api/internal/services/bookings_services.go:110.2,113.42 3 1
booking_api/internal/services/bookings_services.go:113.42,115.17 2 1
booking_api/internal/services/bookings_services.go:115.17,116.9 1 1
booking_api/internal/services/bookings_services.go:119.3,119.22 1 1
booking_api/internal/services/bookings_services.go:119.22,121.12 2 1
booking_api/internal/services/bookings_services.go:124.3,125.58 2 1
booking_api/internal/services/bookings_services.go:128.2,128.16 1 1
booking_api/internal/services/bookings_services.go:128.16,130.3 1 1
booking_api/internal/services/bookings_services.go:132.2,134.29 2 1
booking_api/internal/services/bookings_services.go:139.92,145.42 4 1
booking_api/internal/services/bookings_services.go:145.42,147.17 2 1
booking_api/internal/services/bookings_services.go:147.17,148.9 1 1
booking_api/internal/services/bookings_services.go:151.3,151.22 1 1
booking_api/internal/services/bookings_services.go:151.22,153.12 2 1
booking_api/internal/services/bookings_services.go:156.3,157.18 2 1
booking_api/internal/services/bookings_services.go:160.2,160.16 1 1
booking_api/internal/services/bookings_services.go:160.16,162.3 1 1
booking_api/internal/services/bookings_services.go:164.2,166.29 2 1
booking_api/internal/services/bookings_services.go:171.67,175.16 3 1
booking_api/internal/services/bookings_services.go:175.16,178.3 2 1
booking_api/internal/services/bookings_services.go:180.2,181.12 2 1
booking_api/internal/services/bookings_services.go:186.88,190.16 3 1
booking_api/internal/services/bookings_services.go:190.16,192.3 1 1
booking_api/internal/services/bookings_services.go:194.2,194.29 1 1
booking_api/internal/services/bookings_services.go:199.120,207.16 3 1
booking_api/internal/services/bookings_services.go:207.16,209.3 1 1
booking_api/internal/services/bookings_services.go:211.2,212.35 2 1
booking_api/internal/services/bookings_services.go:212.35,214.3 1 1
booking_api/internal/services/bookings_services.go:216.2,216.30 1 1
booking_api/internal/services/bookings_services.go:221.97,225.16 3 1
booking_api/internal/services/bookings_services.go:225.16,227.3 1 1
booking_api/internal/services/bookings_services.go:229.2,234.26 2 1
booking_api/internal/services/bookings_services.go:234.26,243.21 2 1
booking_api/internal/services/bookings_services.go:243.21,245.4 1 1
booking_api/internal/services/bookings_services.go:247.3,250.19 3 1
booking_api/internal/services/bookings_services.go:251.43,252.24 1 1
booking_api/internal/services/bookings_services.go:253.41,254.22 1 1
booking_api/internal/services/bookings_services.go:255.38,256.19 1 1
booking_api/internal/services/bookings_services.go:260.2,260.22 1 1
booking_api/internal/services/bookings_services.go:265.63,269.16 3 1
booking_api/internal/services/bookings_services.go:269.16,272.3 2 1
booking_api/internal/services/bookings_services.go:274.2,275.19 2 1
booking_api/internal/services/bookings_services.go:280.83,283.2 2 1
booking_api/internal/services/virtual_queue_service.go:42.156,43.18 1 1
booking_api/internal/services/virtual_queue_service.go:43.18,45.3 1 1
booking_api/internal/services/virtual_queue_service.go:46.2,46.30 1 0
booking_api/internal/services/virtual_queue_service.go:46.30,48.3 1 0
booking_api/internal/services/virtual_queue_service.go:49.2,54.3 1 0
booking_api/internal/services/virtual_queue_service.go:58.155,59.18 1 1
booking_api/internal/services/virtual_queue_service.go:59.18,61.3 1 1
booking_api/internal/services/virtual_queue_service.go:62.2,62.30 1 1
booking_api/internal/services/virtual_queue_service.go:62.30,64.3 1 1
booking_api/internal/services/virtual_queue_service.go:65.2,70.3 1 1
booking_api/internal/services/virtual_queue_service.go:73.77,82.2 1 1
booking_api/internal/services/virtual_queue_service.go:84.60,86.12 2 1
booking_api/internal/services/virtual_queue_service.go:86.12,88.3 1 1
booking_api/internal/services/virtual_queue_service.go:89.2,89.12 1 1
booking_api/internal/services/virtual_queue_service.go:89.12,91.3 1 1
booking_api/internal/services/virtual_queue_service.go:92.2,92.15 1 1
booking_api/internal/services/virtual_queue_service.go:92.15,94.3 1 1
booking_api/internal/services/virtual_queue_service.go:95.2,95.17 1 1
booking_api/internal/services/virtual_queue_service.go:98.121,100.16 2 1
booking_api/internal/services/virtual_queue_service.go:100.16,102.3 1 1
booking_api/internal/services/virtual_queue_service.go:103.2,103.14 1 1
booking_api/internal/services/virtual_queue_service.go:103.14,105.3 1 1
booking_api/internal/services/virtual_queue_service.go:106.2,109.16 3 1
booking_api/internal/services/virtual_queue_service.go:109.16,111.3 1 1
booking_api/internal/services/virtual_queue_service.go:112.2,119.8 1 1
booking_api/internal/services/virtual_queue_service.go:122.126,124.16 2 1
booking_api/internal/services/virtual_queue_service.go:124.16,126.3 1 1
booking_api/internal/services/virtual_queue_service.go:127.2,127.14 1 1
booking_api/internal/services/virtual_queue_service.go:127.14,129.3 1 1
booking_api/internal/services/virtual_queue_service.go:130.2,133.16 3 1
booking_api/internal/services/virtual_queue_service.go:133.16,134.47 1 1
booking_api/internal/services/virtual_queue_service.go:134.47,136.4 1 1
booking_api/internal/services/virtual_queue_service.go:137.3,137.69 1 1
booking_api/internal/services/virtual_queue_service.go:139.2,146.8 1 1
booking_api/internal/services/virtual_queue_service.go:149.94,151.16 2 1
booking_api/internal/services/virtual_queue_service.go:151.16,153.3 1 1
booking_api/internal/services/virtual_queue_service.go:154.2,154.14 1 1
booking_api/internal/services/virtual_queue_service.go:154.14,156.3 1 1
booking_api/internal/services/virtual_queue_service.go:157.2,158.74 2 1
booking_api/internal/services/virtual_queue_service.go:158.74,160.3 1 1
booking_api/internal/services/virtual_queue_service.go:161.2,161.12 1 1
booking_api/internal/services/virtual_queue_service.go:164.113,166.16 2 1
booking_api/internal/services/virtual_queue_service.go:166.16,168.3 1 1
booking_api/internal/services/virtual_queue_service.go:169.2,169.14 1 1
booking_api/internal/services/virtual_queue_service.go:169.14,171.3 1 1
booking_api/internal/services/virtual_queue_service.go:172.2,173.16 2 1
booking_api/internal/services/virtual_queue_service.go:173.16,175.3 1 1
booking_api/internal/services/virtual_queue_service.go:176.2,176.13 1 1
booking_api/internal/services/virtual_queue_service.go:176.13,178.3 1 1
booking_api/internal/services/virtual_queue_service.go:179.2,179.12 1 1
booking_api/internal/services/virtual_queue_service.go:182.123,184.16 2 1
booking_api/internal/services/virtual_queue_service.go:184.16,186.3 1 1
booking_api/internal/services/virtual_queue_service.go:187.2,187.14 1 1
booking_api/internal/services/virtual_queue_service.go:187.14,189.3 1 1
booking_api/internal/services/virtual_queue_service.go:190.2,193.16 3 1
booking_api/internal/services/virtual_queue_service.go:193.16,194.47 1 1
booking_api/internal/services/virtual_queue_service.go:194.47,196.4 1 1
booking_api/internal/services/virtual_queue_service.go:197.3,197.70 1 1
booking_api/internal/services/virtual_queue_service.go:199.2,206.8 1 1
booking_api/internal/application/app.go:42.46,44.16 2 1
booking_api/internal/application/app.go:44.16,46.3 1 1
booking_api/internal/application/app.go:48.2,51.16 3 1
booking_api/internal/application/app.go:51.16,53.3 1 1
booking_api/internal/application/app.go:56.2,58.26 3 1
booking_api/internal/application/app.go:58.26,63.17 5 1
booking_api/internal/application/app.go:63.17,66.4 2 0
booking_api/internal/application/app.go:67.3,72.83 3 1
booking_api/internal/application/app.go:73.8,75.3 1 1
booking_api/internal/application/app.go:77.2,108.8 16 1
booking_api/internal/application/app.go:111.31,114.2 2 1
booking_api/internal/application/app.go:116.53,119.49 2 1
booking_api/internal/application/app.go:119.49,122.3 2 0
booking_api/internal/application/app.go:124.2,128.12 4 1
booking_api/internal/application/app.go:131.39,134.43 2 1
booking_api/internal/application/app.go:134.43,137.3 2 0
booking_api/internal/application/app.go:139.2,143.12 4 1
booking_api/internal/application/app.go:146.27,147.25 1 1
booking_api/internal/application/app.go:147.25,149.17 2 1
booking_api/internal/application/app.go:149.17,151.4 1 1
booking_api/internal/application/app.go:152.3,152.26 1 1
booking_api/internal/application/app.go:152.26,154.4 1 1
booking_api/internal/application/app.go:155.3,155.25 1 1
booking_api/internal/application/app.go:155.25,157.4 1 1
booking_api/internal/redisqueue/queue_manager.go:110.87,111.14 1 0
booking_api/internal/redisqueue/queue_manager.go:111.14,113.3 1 0
booking_api/internal/redisqueue/queue_manager.go:114.2,118.3 1 0
booking_api/internal/redisqueue/queue_manager.go:121.61,122.33 1 0
booking_api/internal/redisqueue/queue_manager.go:122.33,124.3 1 0
booking_api/internal/redisqueue/queue_manager.go:125.2,125.32 1 0
booking_api/internal/redisqueue/queue_manager.go:128.50,130.2 1 0
booking_api/internal/redisqueue/queue_manager.go:132.50,134.2 1 0
booking_api/internal/redisqueue/queue_manager.go:138.101,143.6 5 0
booking_api/internal/redisqueue/queue_manager.go:143.6,145.17 2 0
booking_api/internal/redisqueue/queue_manager.go:145.17,147.4 1 0
booking_api/internal/redisqueue/queue_manager.go:148.3,148.9 1 0
booking_api/internal/redisqueue/queue_manager.go:148.9,149.9 1 0
booking_api/internal/redisqueue/queue_manager.go:151.3,151.33 1 0
booking_api/internal/redisqueue/queue_manager.go:151.33,153.4 1 0
booking_api/internal/redisqueue/queue_manager.go:154.3,154.10 1 0
booking_api/internal/redisqueue/queue_manager.go:155.21,156.20 1 0
booking_api/internal/redisqueue/queue_manager.go:157.27,157.27 0 0
booking_api/internal/redisqueue/queue_manager.go:160.2,160.15 1 0
booking_api/internal/redisqueue/queue_manager.go:160.15,160.55 1 0
booking_api/internal/redisqueue/queue_manager.go:161.2,161.13 1 0
booking_api/internal/redisqueue/queue_manager.go:164.104,167.19 3 0
booking_api/internal/redisqueue/queue_manager.go:167.19,169.3 1 0
booking_api/internal/redisqueue/queue_manager.go:170.2,171.16 2 0
booking_api/internal/redisqueue/queue_manager.go:171.16,173.3 1 0
booking_api/internal/redisqueue/queue_manager.go:174.2,174.118 1 0
booking_api/internal/redisqueue/queue_manager.go:177.109,186.61 3 0
booking_api/internal/redisqueue/queue_manager.go:186.61,187.68 1 0
booking_api/internal/redisqueue/queue_manager.go:187.68,192.4 2 0
booking_api/internal/redisqueue/queue_manager.go:194.3,200.13 6 0
booking_api/internal/redisqueue/queue_manager.go:200.13,202.4 1 0
booking_api/internal/redisqueue/queue_manager.go:203.3,204.17 2 0
booking_api/internal/redisqueue/queue_manager.go:204.17,206.4 1 0
booking_api/internal/redisqueue/queue_manager.go:208.3,209.17 2 0
booking_api/internal/redisqueue/queue_manager.go:209.17,214.4 2 0
booking_api/internal/redisqueue/queue_manager.go:216.3,223.17 3 0
booking_api/internal/redisqueue/queue_manager.go:223.17,227.4 2 0
booking_api/internal/redisqueue/queue_manager.go:229.3,229.14 1 0
booking_api/internal/redisqueue/queue_manager.go:230.39,231.90 1 0
booking_api/internal/redisqueue/queue_manager.go:232.17,234.18 2 0
booking_api/internal/redisqueue/queue_manager.go:234.18,239.5 2 0
booking_api/internal/redisqueue/queue_manager.go:240.4,240.12 1 0
booking_api/internal/redisqueue/queue_manager.go:241.11,246.62 2 0
booking_api/internal/redisqueue/queue_manager.go:249.3,258.13 2 0
booking_api/internal/redisqueue/queue_manager.go:260.2,260.20 1 0
booking_api/internal/redisqueue/queue_manager.go:260.20,262.3 1 0
booking_api/internal/redisqueue/queue_manager.go:263.2,263.17 1 0
booking_api/internal/redisqueue/queue_manager.go:266.114,268.57 2 0
booking_api/internal/redisqueue/queue_manager.go:268.57,271.17 3 0
booking_api/internal/redisqueue/queue_manager.go:271.17,273.4 1 0
booking_api/internal/redisqueue/queue_manager.go:274.3,274.13 1 0
booking_api/internal/redisqueue/queue_manager.go:274.13,275.72 1 0
booking_api/internal/redisqueue/queue_manager.go:275.72,277.5 1 0
booking_api/internal/redisqueue/queue_manager.go:278.4,279.18 2 0
booking_api/internal/redisqueue/queue_manager.go:279.18,281.5 1 0
booking_api/internal/redisqueue/queue_manager.go:282.4,283.14 2 0
booking_api/internal/redisqueue/queue_manager.go:286.3,288.17 3 0
booking_api/internal/redisqueue/queue_manager.go:288.17,290.4 1 0
booking_api/internal/redisqueue/queue_manager.go:291.3,291.18 1 0
booking_api/internal/redisqueue/queue_manager.go:291.18,294.4 2 0
booking_api/internal/redisqueue/queue_manager.go:295.3,295.71 1 0
booking_api/internal/redisqueue/queue_manager.go:295.71,297.4 1 0
booking_api/internal/redisqueue/queue_manager.go:299.3,299.74 1 0
booking_api/internal/redisqueue/queue_manager.go:299.74,301.4 1 0
booking_api/internal/redisqueue/queue_manager.go:303.3,304.17 2 0
booking_api/internal/redisqueue/queue_manager.go:304.17,306.4 1 0
booking_api/internal/redisqueue/queue_manager.go:307.3,308.13 2 0
booking_api/internal/redisqueue/queue_manager.go:310.2,310.16 1 0
booking_api/internal/redisqueue/queue_manager.go:310.16,311.36 1 0
booking_api/internal/redisqueue/queue_manager.go:311.36,313.4 1 0
booking_api/internal/redisqueue/queue_manager.go:314.3,314.18 1 0
booking_api/internal/redisqueue/queue_manager.go:316.2,316.17 1 0
booking_api/internal/redisqueue/queue_manager.go:319.99,326.57 2 0
booking_api/internal/redisqueue/queue_manager.go:326.57,338.17 11 0
booking_api/internal/redisqueue/queue_manager.go:338.17,343.4 2 0
booking_api/internal/redisqueue/queue_manager.go:345.3,350.74 2 0
booking_api/internal/redisqueue/queue_manager.go:350.74,354.4 2 0
booking_api/internal/redisqueue/queue_manager.go:356.3,362.18 4 0
booking_api/internal/redisqueue/queue_manager.go:362.18,364.4 1 0
booking_api/internal/redisqueue/queue_manager.go:364.9,366.4 1 0
booking_api/internal/redisqueue/queue_manager.go:367.3,367.18 1 0
booking_api/internal/redisqueue/queue_manager.go:367.18,369.4 1 0
booking_api/internal/redisqueue/queue_manager.go:369.9,371.4 1 0
booking_api/internal/redisqueue/queue_manager.go:372.3,374.13 2 0
booking_api/internal/redisqueue/queue_manager.go:378.111,380.57 2 0
booking_api/internal/redisqueue/queue_manager.go:380.57,381.68 1 0
booking_api/internal/redisqueue/queue_manager.go:381.68,383.4 1 0
booking_api/internal/redisqueue/queue_manager.go:385.3,386.17 2 0
booking_api/internal/redisqueue/queue_manager.go:386.17,388.4 1 0
booking_api/internal/redisqueue/queue_manager.go:389.3,389.13 1 0
booking_api/internal/redisqueue/queue_manager.go:389.13,391.18 2 0
booking_api/internal/redisqueue/queue_manager.go:391.18,393.5 1 0
booking_api/internal/redisqueue/queue_manager.go:394.4,395.14 2 0
booking_api/internal/redisqueue/queue_manager.go:398.3,398.74 1 0
booking_api/internal/redisqueue/queue_manager.go:398.74,400.4 1 0
booking_api/internal/redisqueue/queue_manager.go:401.3,402.17 2 0
booking_api/internal/redisqueue/queue_manager.go:402.17,404.4 1 0
booking_api/internal/redisqueue/queue_manager.go:405.3,406.13 2 0
booking_api/internal/redisqueue/queue_manager.go:408.2,408.16 1 0
booking_api/internal/redisqueue/queue_manager.go:408.16,410.3 1 0
booking_api/internal/redisqueue/queue_manager.go:411.2,411.17 1 0
booking_api/internal/redisqueue/queue_manager.go:414.52,416.2 1 0
booking_api/internal/redisqueue/queue_manager.go:418.60,420.2 1 0
booking_api/internal/redisqueue/queue_manager.go:423.101,425.57 2 0
booking_api/internal/redisqueue/queue_manager.go:425.57,429.3 3 0
booking_api/internal/redisqueue/queue_manager.go:430.2,430.20 1 0
booking_api/internal/redisqueue/queue_manager.go:435.112,438.16 3 0
booking_api/internal/redisqueue/queue_manager.go:438.16,440.3 1 0
booking_api/internal/redisqueue/queue_manager.go:441.2,441.12 1 0
booking_api/internal/redisqueue/queue_manager.go:441.12,443.3 1 0
booking_api/internal/redisqueue/queue_manager.go:444.2,445.16 2 0
booking_api/internal/redisqueue/queue_manager.go:445.16,447.3 1 0
booking_api/internal/redisqueue/queue_manager.go:448.2,448.12 1 0
booking_api/internal/redisqueue/queue_manager.go:448.12,451.3 2 0
booking_api/internal/redisqueue/queue_manager.go:452.2,452.18 1 0
booking_api/internal/redisqueue/queue_manager.go:455.103,460.16 4 0
booking_api/internal/redisqueue/queue_manager.go:460.16,462.3 1 0
booking_api/internal/redisqueue/queue_manager.go:463.2,463.12 1 0
booking_api/internal/redisqueue/queue_manager.go:463.12,465.17 2 0
booking_api/internal/redisqueue/queue_manager.go:465.17,467.4 1 0
booking_api/internal/redisqueue/queue_manager.go:468.3,468.95 1 0
booking_api/internal/redisqueue/queue_manager.go:471.2,472.16 2 0
booking_api/internal/redisqueue/queue_manager.go:472.16,474.3 1 0
booking_api/internal/redisqueue/queue_manager.go:475.2,475.22 1 0
booking_api/internal/redisqueue/queue_manager.go:475.22,478.3 2 0
booking_api/internal/redisqueue/queue_manager.go:480.2,481.22 2 0
booking_api/internal/redisqueue/queue_manager.go:481.22,483.3 1 0
booking_api/internal/redisqueue/queue_manager.go:484.2,484.16 1 0
booking_api/internal/redisqueue/queue_manager.go:484.16,486.3 1 0
booking_api/internal/redisqueue/queue_manager.go:488.2,489.16 2 0
booking_api/internal/redisqueue/queue_manager.go:489.16,491.3 1 0
booking_api/internal/redisqueue/queue_manager.go:493.2,498.8 1 0
booking_api/internal/redisqueue/queue_manager.go:501.98,506.16 4 0
booking_api/internal/redisqueue/queue_manager.go:506.16,508.3 1 0
booking_api/internal/redisqueue/queue_manager.go:509.2,510.33 2 0
booking_api/internal/redisqueue/queue_manager.go:510.33,512.17 2 0
booking_api/internal/redisqueue/queue_manager.go:512.17,514.12 2 0
booking_api/internal/redisqueue/queue_manager.go:516.3,517.17 2 0
booking_api/internal/redisqueue/queue_manager.go:517.17,519.4 1 0
booking_api/internal/redisqueue/queue_manager.go:520.3,520.18 1 0
booking_api/internal/redisqueue/queue_manager.go:520.18,522.4 1 0
booking_api/internal/redisqueue/queue_manager.go:524.2,524.25 1 0
booking_api/internal/redisqueue/queue_manager.go:524.25,525.75 1 0
booking_api/internal/redisqueue/queue_manager.go:525.75,527.4 1 0
booking_api/internal/redisqueue/queue_manager.go:530.2,531.16 2 0
booking_api/internal/redisqueue/queue_manager.go:531.16,533.3 1 0
booking_api/internal/redisqueue/queue_manager.go:534.2,535.39 2 0
booking_api/internal/redisqueue/queue_manager.go:535.39,537.17 2 0
booking_api/internal/redisqueue/queue_manager.go:537.17,539.12 2 0
booking_api/internal/redisqueue/queue_manager.go:541.3,542.17 2 0
booking_api/internal/redisqueue/queue_manager.go:542.17,544.4 1 0
booking_api/internal/redisqueue/queue_manager.go:545.3,545.18 1 0
booking_api/internal/redisqueue/queue_manager.go:545.18,547.4 1 0
booking_api/internal/redisqueue/queue_manager.go:549.2,549.26 1 0
booking_api/internal/redisqueue/queue_manager.go:549.26,550.77 1 0
booking_api/internal/redisqueue/queue_manager.go:550.77,552.4 1 0
booking_api/internal/redisqueue/queue_manager.go:555.2,555.57 1 0
booking_api/internal/redisqueue/queue_manager.go:558.51,560.2 1 0
booking_api/internal/redisqueue/queue_manager.go:562.59,564.2 1 0
booking_api/internal/handler/booking_handler.go:32.93,40.2 1 1
booking_api/internal/handler/booking_handler.go:42.85,44.2 1 1
booking_api/internal/handler/booking_handler.go:46.75,47.12 1 1
booking_api/internal/handler/booking_handler.go:47.12,51.7 3 1
booking_api/internal/handler/booking_handler.go:51.7,52.11 1 1
booking_api/internal/handler/booking_handler.go:53.20,55.19 2 1
booking_api/internal/handler/booking_handler.go:55.19,57.14 2 1
booking_api/internal/handler/booking_handler.go:59.5,59.19 1 1
booking_api/internal/handler/booking_handler.go:59.19,60.14 1 0
booking_api/internal/handler/booking_handler.go:62.5,62.56 1 1
booking_api/internal/handler/booking_handler.go:62.56,64.6 1 1
booking_api/internal/handler/booking_handler.go:65.26,66.11 1 1
booking_api/internal/handler/booking_handler.go:72.52,73.27 1 1
booking_api/internal/handler/booking_handler.go:73.27,75.3 1 1
booking_api/internal/handler/booking_handler.go:78.62,80.2 2 1
booking_api/internal/handler/booking_handler.go:80.2,87.3 6 1
booking_api/internal/handler/booking_handler.go:89.2,90.2 2 1
booking_api/internal/handler/booking_handler.go:90.2,97.3 6 1
booking_api/internal/handler/booking_handler.go:99.2,100.2 2 1
booking_api/internal/handler/booking_handler.go:100.2,102.3 1 1
booking_api/internal/handler/booking_handler.go:117.52,119.47 2 1
booking_api/internal/handler/booking_handler.go:119.47,125.3 2 1
booking_api/internal/handler/booking_handler.go:126.2,127.9 2 1
booking_api/internal/handler/booking_handler.go:127.9,133.3 2 1
booking_api/internal/handler/booking_handler.go:134.2,136.27 2 1
booking_api/internal/handler/booking_handler.go:136.27,137.114 1 1
booking_api/internal/handler/booking_handler.go:137.114,140.4 2 1
booking_api/internal/handler/booking_handler.go:143.2,144.16 2 1
booking_api/internal/handler/booking_handler.go:144.16,147.3 2 1
booking_api/internal/handler/booking_handler.go:149.2,153.34 2 1
booking_api/internal/handler/booking_handler.go:169.57,171.16 2 1
booking_api/internal/handler/booking_handler.go:171.16,177.3 2 0
booking_api/internal/handler/booking_handler.go:179.2,180.15 2 1
booking_api/internal/handler/booking_handler.go:180.15,186.3 2 0
booking_api/internal/handler/booking_handler.go:188.2,189.16 2 1
booking_api/internal/handler/booking_handler.go:189.16,192.3 2 1
booking_api/internal/handler/booking_handler.go:193.2,193.79 1 1
booking_api/internal/handler/booking_handler.go:193.79,199.3 2 1
booking_api/internal/handler/booking_handler.go:201.2,202.16 2 1
booking_api/internal/handler/booking_handler.go:202.16,205.3 2 1
booking_api/internal/handler/booking_handler.go:207.2,212.77 2 1
booking_api/internal/handler/booking_handler.go:212.77,214.3 1 1
booking_api/internal/handler/booking_handler.go:230.56,232.16 2 1
booking_api/internal/handler/booking_handler.go:232.16,238.3 2 0
booking_api/internal/handler/booking_handler.go:240.2,241.15 2 1
booking_api/internal/handler/booking_handler.go:241.15,247.3 2 1
booking_api/internal/handler/booking_handler.go:249.2,250.16 2 1
booking_api/internal/handler/booking_handler.go:250.16,253.3 2 0
booking_api/internal/handler/booking_handler.go:254.2,254.79 1 1
booking_api/internal/handler/booking_handler.go:254.79,260.3 2 1
booking_api/internal/handler/booking_handler.go:262.2,262.59 1 1
booking_api/internal/handler/booking_handler.go:262.59,265.3 2 1
booking_api/internal/handler/booking_handler.go:267.2,271.77 2 1
booking_api/internal/handler/booking_handler.go:271.77,273.3 1 1
booking_api/internal/handler/booking_handler.go:287.53,289.16 2 1
booking_api/internal/handler/booking_handler.go:289.16,295.3 2 1
booking_api/internal/handler/booking_handler.go:297.2,298.15 2 1
booking_api/internal/handler/booking_handler.go:298.15,304.3 2 1
booking_api/internal/handler/booking_handler.go:306.2,307.16 2 1
booking_api/internal/handler/booking_handler.go:307.16,310.3 2 0
booking_api/internal/handler/booking_handler.go:311.2,311.79 1 1
booking_api/internal/handler/booking_handler.go:311.79,317.3 2 1
booking_api/internal/handler/booking_handler.go:319.2,321.4 1 1
booking_api/internal/handler/booking_handler.go:336.60,338.16 2 1
booking_api/internal/handler/booking_handler.go:338.16,344.3 2 1
booking_api/internal/handler/booking_handler.go:345.2,346.15 2 1
booking_api/internal/handler/booking_handler.go:346.15,352.3 2 1
booking_api/internal/handler/booking_handler.go:353.2,353.62 1 1
booking_api/internal/handler/booking_handler.go:353.62,359.3 2 1
booking_api/internal/handler/booking_handler.go:361.2,362.55 2 1
booking_api/internal/handler/booking_handler.go:362.55,368.3 2 1
booking_api/internal/handler/booking_handler.go:370.2,371.16 2 1
booking_api/internal/handler/booking_handler.go:371.16,374.3 2 0
booking_api/internal/handler/booking_handler.go:376.2,384.4 2 1
booking_api/internal/handler/booking_handler.go:397.57,399.16 2 1
booking_api/internal/handler/booking_handler.go:399.16,405.3 2 1
booking_api/internal/handler/booking_handler.go:407.2,408.16 2 1
booking_api/internal/handler/booking_handler.go:408.16,411.3 2 1
booking_api/internal/handler/booking_handler.go:413.2,415.4 1 1
booking_api/internal/handler/booking_handler.go:418.52,420.9 2 1
booking_api/internal/handler/booking_handler.go:420.9,422.3 1 0
booking_api/internal/handler/booking_handler.go:423.2,423.27 1 1
booking_api/internal/handler/booking_handler.go:423.27,429.3 2 1
booking_api/internal/handler/booking_handler.go:431.2,432.16 2 1
booking_api/internal/handler/booking_handler.go:432.16,435.3 2 1
booking_api/internal/handler/booking_handler.go:436.2,439.4 1 1
booking_api/internal/handler/booking_handler.go:442.57,444.9 2 1
booking_api/internal/handler/booking_handler.go:444.9,446.3 1 0
booking_api/internal/handler/booking_handler.go:447.2,447.27 1 1
booking_api/internal/handler/booking_handler.go:447.27,453.3 2 1
booking_api/internal/handler/booking_handler.go:455.2,456.16 2 1
booking_api/internal/handler/booking_handler.go:456.16,459.3 2 1
booking_api/internal/handler/booking_handler.go:460.2,462.4 1 1
booking_api/internal/handler/booking_handler.go:465.53,467.9 2 1
booking_api/internal/handler/booking_handler.go:467.9,469.3 1 0
booking_api/internal/handler/booking_handler.go:470.2,470.27 1 1
booking_api/internal/handler/booking_handler.go:470.27,476.3 2 1
booking_api/internal/handler/booking_handler.go:478.2,478.86 1 1
booking_api/internal/handler/booking_handler.go:478.86,481.3 2 1
booking_api/internal/handler/booking_handler.go:482.2,484.4 1 1
booking_api/internal/handler/booking_handler.go:487.57,489.9 2 1
booking_api/internal/handler/booking_handler.go:489.9,491.3 1 0
booking_api/internal/handler/booking_handler.go:492.2,492.27 1 1
booking_api/internal/handler/booking_handler.go:492.27,498.3 2 1
booking_api/internal/handler/booking_handler.go:500.2,501.16 2 1
booking_api/internal/handler/booking_handler.go:501.16,504.3 2 1
booking_api/internal/handler/booking_handler.go:505.2,507.4 1 1
booking_api/internal/handler/booking_handler.go:513.42,515.3 1 1
booking_api/internal/handler/booking_handler.go:524.60,526.16 2 1
booking_api/internal/handler/booking_handler.go:526.16,532.3 2 1
booking_api/internal/handler/booking_handler.go:534.2,535.16 2 1
booking_api/internal/handler/booking_handler.go:535.16,538.3 2 1
booking_api/internal/handler/booking_handler.go:539.2,544.65 4 1
booking_api/internal/handler/booking_handler.go:544.65,545.75 1 1
booking_api/internal/handler/booking_handler.go:545.75,547.4 1 0
booking_api/internal/handler/booking_handler.go:548.8,550.3 1 1
booking_api/internal/handler/booking_handler.go:552.2,553.12 2 1
booking_api/internal/handler/booking_handler.go:553.12,555.7 2 1
booking_api/internal/handler/booking_handler.go:555.7,556.51 1 1
booking_api/internal/handler/booking_handler.go:556.51,558.5 1 1
booking_api/internal/handler/booking_handler.go:562.2,565.6 3 1
booking_api/internal/handler/booking_handler.go:565.6,566.10 1 1
booking_api/internal/handler/booking_handler.go:567.15,568.10 1 1
booking_api/internal/handler/booking_handler.go:569.29,570.76 1 1
booking_api/internal/handler/booking_handler.go:570.76,572.5 1 0
booking_api/internal/handler/booking_handler.go:573.23,574.72 1 0
booking_api/internal/handler/booking_handler.go:574.72,576.5 1 0
booking_api/internal/handler/booking_handler.go:590.62,592.16 2 1
booking_api/internal/handler/booking_handler.go:592.16,595.3 2 1
booking_api/internal/handler/booking_handler.go:597.2,602.53 2 1
booking_api/internal/handler/booking_handler.go:602.53,604.3 1 0
booking_api/internal/handler/booking_handler.go:618.60,620.16 2 1
booking_api/internal/handler/booking_handler.go:620.16,623.3 2 1
booking_api/internal/handler/booking_handler.go:625.2,627.4 1 1
booking_api/internal/handler/booking_handler.go:630.63,632.16 2 1
booking_api/internal/handler/booking_handler.go:632.16,635.3 2 1
booking_api/internal/handler/booking_handler.go:636.2,636.42 1 1
booking_api/internal/handler/booking_handler.go:639.82,641.16 2 1
booking_api/internal/handler/booking_handler.go:641.16,643.3 1 1
booking_api/internal/handler/booking_handler.go:645.2,648.4 1 1
booking_api/internal/handler/booking_handler.go:651.86,653.16 2 1
booking_api/internal/handler/booking_handler.go:653.16,659.3 2 1
booking_api/internal/handler/booking_handler.go:661.2,662.9 2 1
booking_api/internal/handler/booking_handler.go:662.9,668.3 2 1
booking_api/internal/handler/booking_handler.go:669.2,669.33 1 1
booking_api/internal/handler/booking_handler.go:674.65,676.29 2 1
booking_api/internal/handler/booking_handler.go:676.29,682.3 2 1
booking_api/internal/handler/booking_handler.go:684.2,688.4 2 1
