mode: set
booking_api/internal/apperror/errors.go:11.35,12.18 1 1
booking_api/internal/apperror/errors.go:12.18,14.3 1 1
booking_api/internal/apperror/errors.go:15.2,15.18 1 1
booking_api/internal/apperror/errors.go:18.35,20.2 1 1
booking_api/internal/apperror/errors.go:22.40,24.2 1 1
booking_api/internal/apperror/errors.go:26.40,28.2 1 1
booking_api/internal/apperror/errors.go:30.42,32.2 1 1
booking_api/internal/apperror/errors.go:34.51,36.2 1 1
booking_api/internal/apperror/errors.go:38.41,40.2 1 1
booking_api/internal/infrastructure/logger/logger.go:14.49,16.16 2 1
booking_api/internal/infrastructure/logger/logger.go:16.16,18.3 1 1
booking_api/internal/infrastructure/logger/logger.go:20.2,48.20 5 1
booking_api/internal/infrastructure/redislock/seat_locker.go:50.42,56.2 1 1
booking_api/internal/infrastructure/redislock/seat_locker.go:59.60,60.19 1 1
booking_api/internal/infrastructure/redislock/seat_locker.go:60.19,62.3 1 1
booking_api/internal/infrastructure/redislock/seat_locker.go:63.2,63.31 1 1
booking_api/internal/infrastructure/redislock/seat_locker.go:66.73,67.14 1 1
booking_api/internal/infrastructure/redislock/seat_locker.go:67.14,69.3 1 1
booking_api/internal/infrastructure/redislock/seat_locker.go:71.2,74.3 1 1
booking_api/internal/infrastructure/redislock/seat_locker.go:77.124,80.16 3 1
booking_api/internal/infrastructure/redislock/seat_locker.go:80.16,82.3 1 1
booking_api/internal/infrastructure/redislock/seat_locker.go:84.2,84.25 1 1
booking_api/internal/infrastructure/redislock/seat_locker.go:87.118,90.2 2 1
booking_api/internal/infrastructure/redislock/seat_locker.go:92.36,94.2 1 1
booking_api/internal/infrastructure/redislock/seat_locker.go:96.67,98.33 2 1
booking_api/internal/infrastructure/redislock/seat_locker.go:98.33,100.3 1 1
booking_api/internal/infrastructure/redislock/seat_locker.go:101.2,101.13 1 1
booking_api/internal/models/base.go:17.48,18.22 1 1
booking_api/internal/models/base.go:18.22,20.3 1 1
booking_api/internal/models/base.go:21.2,21.12 1 1
booking_api/internal/models/bookings.go:88.39,90.2 1 1
booking_api/internal/models/bookings.go:92.48,97.28 3 1
booking_api/internal/models/bookings.go:97.28,106.3 2 1
booking_api/internal/models/bookings.go:108.2,117.3 1 1
booking_api/internal/realtime/seat_hub.go:14.28,18.2 1 1
booking_api/internal/realtime/seat_hub.go:20.63,26.38 4 1
booking_api/internal/realtime/seat_hub.go:26.38,28.3 1 1
booking_api/internal/realtime/seat_hub.go:29.2,31.11 2 1
booking_api/internal/realtime/seat_hub.go:34.69,38.66 3 1
booking_api/internal/realtime/seat_hub.go:38.66,40.28 2 1
booking_api/internal/realtime/seat_hub.go:40.28,42.4 1 1
booking_api/internal/realtime/seat_hub.go:44.2,44.11 1 1
booking_api/internal/realtime/seat_hub.go:47.67,51.44 3 1
booking_api/internal/realtime/seat_hub.go:51.44,52.10 1 1
booking_api/internal/realtime/seat_hub.go:53.22,53.22 0 1
booking_api/internal/realtime/seat_hub.go:54.11,54.11 0 1
booking_api/internal/realtime/seat_hub.go:59.45,64.32 4 1
booking_api/internal/realtime/seat_hub.go:64.32,66.3 1 1
booking_api/internal/realtime/seat_hub.go:67.2,67.12 1 1
booking_api/internal/services/bookings_services.go:44.18,46.2 1 1
booking_api/internal/services/bookings_services.go:52.18,58.2 1 1
booking_api/internal/services/bookings_services.go:63.33,65.28 2 1
booking_api/internal/services/bookings_services.go:65.28,67.3 1 1
booking_api/internal/services/bookings_services.go:68.2,68.14 1 1
booking_api/internal/services/bookings_services.go:73.92,78.46 3 1
booking_api/internal/services/bookings_services.go:78.46,80.3 1 1
booking_api/internal/services/bookings_services.go:81.2,85.40 3 1
booking_api/internal/services/bookings_services.go:85.40,86.41 1 1
booking_api/internal/services/bookings_services.go:86.41,88.4 1 0
booking_api/internal/services/bookings_services.go:91.2,92.16 2 1
booking_api/internal/services/bookings_services.go:92.16,94.3 1 0
booking_api/internal/services/bookings_services.go:95.2,95.42 1 1
booking_api/internal/services/bookings_services.go:95.42,96.37 1 1
booking_api/internal/services/bookings_services.go:96.37,100.4 1 1
booking_api/internal/services/bookings_services.go:103.2,104.25 2 1
booking_api/internal/services/bookings_services.go:104.25,110.21 5 1
booking_api/internal/services/bookings_services.go:110.21,113.4 2 1
booking_api/internal/services/bookings_services.go:114.3,114.14 1 1
booking_api/internal/services/bookings_services.go:114.14,117.4 2 1
booking_api/internal/services/bookings_services.go:119.3,119.16 1 1
booking_api/internal/services/bookings_services.go:119.16,122.96 3 1
booking_api/internal/services/bookings_services.go:122.96,124.5 1 1
booking_api/internal/services/bookings_services.go:128.2,130.42 2 1
booking_api/internal/services/bookings_services.go:130.42,132.17 2 1
booking_api/internal/services/bookings_services.go:132.17,133.9 1 1
booking_api/internal/services/bookings_services.go:136.3,136.22 1 1
booking_api/internal/services/bookings_services.go:136.22,138.12 2 1
booking_api/internal/services/bookings_services.go:141.3,142.58 2 1
booking_api/internal/services/bookings_services.go:145.2,145.16 1 1
booking_api/internal/services/bookings_services.go:145.16,147.3 1 1
booking_api/internal/services/bookings_services.go:149.2,151.29 2 1
booking_api/internal/services/bookings_services.go:156.92,162.42 4 1
booking_api/internal/services/bookings_services.go:162.42,164.17 2 1
booking_api/internal/services/bookings_services.go:164.17,165.9 1 1
booking_api/internal/services/bookings_services.go:168.3,168.22 1 1
booking_api/internal/services/bookings_services.go:168.22,170.12 2 1
booking_api/internal/services/bookings_services.go:173.3,174.18 2 1
booking_api/internal/services/bookings_services.go:177.2,177.16 1 1
booking_api/internal/services/bookings_services.go:177.16,179.3 1 1
booking_api/internal/services/bookings_services.go:181.2,183.29 2 1
booking_api/internal/services/bookings_services.go:188.67,192.16 3 1
booking_api/internal/services/bookings_services.go:192.16,195.3 2 1
booking_api/internal/services/bookings_services.go:197.2,198.12 2 1
booking_api/internal/services/bookings_services.go:203.88,207.16 3 1
booking_api/internal/services/bookings_services.go:207.16,209.3 1 1
booking_api/internal/services/bookings_services.go:211.2,211.29 1 1
booking_api/internal/services/bookings_services.go:216.120,224.16 3 1
booking_api/internal/services/bookings_services.go:224.16,226.3 1 1
booking_api/internal/services/bookings_services.go:228.2,229.35 2 1
booking_api/internal/services/bookings_services.go:229.35,231.3 1 1
booking_api/internal/services/bookings_services.go:233.2,233.30 1 1
booking_api/internal/services/bookings_services.go:238.97,242.16 3 1
booking_api/internal/services/bookings_services.go:242.16,244.3 1 1
booking_api/internal/services/bookings_services.go:246.2,251.26 2 1
booking_api/internal/services/bookings_services.go:251.26,260.21 2 1
booking_api/internal/services/bookings_services.go:260.21,262.4 1 1
booking_api/internal/services/bookings_services.go:264.3,267.19 3 1
booking_api/internal/services/bookings_services.go:268.43,269.24 1 1
booking_api/internal/services/bookings_services.go:270.41,271.22 1 1
booking_api/internal/services/bookings_services.go:272.38,273.19 1 1
booking_api/internal/services/bookings_services.go:277.2,277.22 1 1
booking_api/internal/services/bookings_services.go:282.63,286.16 3 1
booking_api/internal/services/bookings_services.go:286.16,289.3 2 1
booking_api/internal/services/bookings_services.go:291.2,292.19 2 1
booking_api/internal/services/bookings_services.go:297.83,300.2 2 1
booking_api/internal/services/virtual_queue_service.go:42.156,43.18 1 1
booking_api/internal/services/virtual_queue_service.go:43.18,45.3 1 1
booking_api/internal/services/virtual_queue_service.go:46.2,46.30 1 0
booking_api/internal/services/virtual_queue_service.go:46.30,48.3 1 0
booking_api/internal/services/virtual_queue_service.go:49.2,54.3 1 0
booking_api/internal/services/virtual_queue_service.go:58.155,59.18 1 1
booking_api/internal/services/virtual_queue_service.go:59.18,61.3 1 1
booking_api/internal/services/virtual_queue_service.go:62.2,62.30 1 1
booking_api/internal/services/virtual_queue_service.go:62.30,64.3 1 1
booking_api/internal/services/virtual_queue_service.go:65.2,70.3 1 1
booking_api/internal/services/virtual_queue_service.go:73.77,82.2 1 1
booking_api/internal/services/virtual_queue_service.go:84.60,86.12 2 1
booking_api/internal/services/virtual_queue_service.go:86.12,88.3 1 1
booking_api/internal/services/virtual_queue_service.go:89.2,89.12 1 1
booking_api/internal/services/virtual_queue_service.go:89.12,91.3 1 1
booking_api/internal/services/virtual_queue_service.go:92.2,92.15 1 1
booking_api/internal/services/virtual_queue_service.go:92.15,94.3 1 1
booking_api/internal/services/virtual_queue_service.go:95.2,95.17 1 1
booking_api/internal/services/virtual_queue_service.go:98.121,100.16 2 1
booking_api/internal/services/virtual_queue_service.go:100.16,102.3 1 1
booking_api/internal/services/virtual_queue_service.go:103.2,103.14 1 1
booking_api/internal/services/virtual_queue_service.go:103.14,105.3 1 1
booking_api/internal/services/virtual_queue_service.go:106.2,109.16 3 1
booking_api/internal/services/virtual_queue_service.go:109.16,111.3 1 1
booking_api/internal/services/virtual_queue_service.go:112.2,119.8 1 1
booking_api/internal/services/virtual_queue_service.go:122.126,124.16 2 1
booking_api/internal/services/virtual_queue_service.go:124.16,126.3 1 1
booking_api/internal/services/virtual_queue_service.go:127.2,127.14 1 1
booking_api/internal/services/virtual_queue_service.go:127.14,129.3 1 1
booking_api/internal/services/virtual_queue_service.go:130.2,133.16 3 1
booking_api/internal/services/virtual_queue_service.go:133.16,134.47 1 1
booking_api/internal/services/virtual_queue_service.go:134.47,136.4 1 1
booking_api/internal/services/virtual_queue_service.go:137.3,137.69 1 1
booking_api/internal/services/virtual_queue_service.go:139.2,146.8 1 1
booking_api/internal/services/virtual_queue_service.go:149.94,151.16 2 1
booking_api/internal/services/virtual_queue_service.go:151.16,153.3 1 1
booking_api/internal/services/virtual_queue_service.go:154.2,154.14 1 1
booking_api/internal/services/virtual_queue_service.go:154.14,156.3 1 1
booking_api/internal/services/virtual_queue_service.go:157.2,158.74 2 1
booking_api/internal/services/virtual_queue_service.go:158.74,160.3 1 1
booking_api/internal/services/virtual_queue_service.go:161.2,161.12 1 1
booking_api/internal/services/virtual_queue_service.go:164.113,166.16 2 1
booking_api/internal/services/virtual_queue_service.go:166.16,168.3 1 1
booking_api/internal/services/virtual_queue_service.go:169.2,169.14 1 1
booking_api/internal/services/virtual_queue_service.go:169.14,171.3 1 1
booking_api/internal/services/virtual_queue_service.go:172.2,173.16 2 1
booking_api/internal/services/virtual_queue_service.go:173.16,175.3 1 1
booking_api/internal/services/virtual_queue_service.go:176.2,176.13 1 1
booking_api/internal/services/virtual_queue_service.go:176.13,178.3 1 1
booking_api/internal/services/virtual_queue_service.go:179.2,179.12 1 1
booking_api/internal/services/virtual_queue_service.go:182.123,184.16 2 1
booking_api/internal/services/virtual_queue_service.go:184.16,186.3 1 1
booking_api/internal/services/virtual_queue_service.go:187.2,187.14 1 1
booking_api/internal/services/virtual_queue_service.go:187.14,189.3 1 1
booking_api/internal/services/virtual_queue_service.go:190.2,193.16 3 1
booking_api/internal/services/virtual_queue_service.go:193.16,194.47 1 1
booking_api/internal/services/virtual_queue_service.go:194.47,196.4 1 1
booking_api/internal/services/virtual_queue_service.go:197.3,197.70 1 1
booking_api/internal/services/virtual_queue_service.go:199.2,206.8 1 1
booking_api/internal/middleware/auth.go:29.50,30.30 1 1
booking_api/internal/middleware/auth.go:30.30,31.65 1 1
booking_api/internal/middleware/auth.go:31.65,34.4 2 1
booking_api/internal/middleware/auth.go:36.3,37.47 2 1
booking_api/internal/middleware/auth.go:37.47,43.4 2 1
booking_api/internal/middleware/auth.go:45.3,48.102 3 1
booking_api/internal/middleware/auth.go:48.102,49.72 1 1
booking_api/internal/middleware/auth.go:49.72,51.5 1 1
booking_api/internal/middleware/auth.go:52.4,52.37 1 1
booking_api/internal/middleware/auth.go:54.3,54.60 1 1
booking_api/internal/middleware/auth.go:54.60,60.4 2 1
booking_api/internal/middleware/auth.go:62.3,63.17 2 1
booking_api/internal/middleware/auth.go:63.17,69.4 2 1
booking_api/internal/middleware/auth.go:71.3,73.11 3 1
booking_api/internal/middleware/auth.go:77.53,78.36 1 1
booking_api/internal/middleware/auth.go:78.36,80.3 1 0
booking_api/internal/middleware/auth.go:81.2,81.30 1 1
booking_api/internal/middleware/auth.go:81.30,83.3 1 1
booking_api/internal/middleware/auth.go:85.2,86.20 2 1
booking_api/internal/middleware/auth.go:86.20,88.3 1 1
booking_api/internal/middleware/auth.go:89.2,89.77 1 1
booking_api/internal/middleware/auth.go:92.37,93.30 1 1
booking_api/internal/middleware/auth.go:93.30,95.22 2 1
booking_api/internal/middleware/auth.go:95.22,101.4 2 1
booking_api/internal/middleware/auth.go:102.3,102.11 1 1
booking_api/internal/middleware/auth.go:106.54,108.29 2 1
booking_api/internal/middleware/auth.go:108.29,110.3 1 1
booking_api/internal/middleware/auth.go:111.2,111.30 1 1
booking_api/internal/middleware/auth.go:111.30,113.34 2 1
booking_api/internal/middleware/auth.go:113.34,119.4 2 1
booking_api/internal/middleware/auth.go:120.3,120.11 1 1
booking_api/internal/middleware/auth.go:124.50,126.9 2 1
booking_api/internal/middleware/auth.go:126.9,128.3 1 1
booking_api/internal/middleware/auth.go:129.2,130.15 2 1
booking_api/internal/middleware/auth.go:133.37,135.9 2 1
booking_api/internal/middleware/auth.go:135.9,137.3 1 1
booking_api/internal/middleware/auth.go:138.2,139.13 2 1
booking_api/internal/middleware/middleware.go:11.56,12.30 1 1
booking_api/internal/middleware/middleware.go:12.30,32.20 8 1
booking_api/internal/middleware/middleware.go:32.20,34.4 1 1
booking_api/internal/middleware/middleware.go:34.9,34.27 1 1
booking_api/internal/middleware/middleware.go:34.27,36.4 1 0
booking_api/internal/middleware/middleware.go:36.9,38.4 1 1
booking_api/internal/middleware/middleware.go:42.29,43.30 1 1
booking_api/internal/middleware/middleware.go:43.30,50.45 6 1
booking_api/internal/middleware/middleware.go:50.45,53.4 2 1
booking_api/internal/middleware/middleware.go:55.3,55.11 1 1
booking_api/internal/middleware/middleware.go:59.34,60.30 1 1
booking_api/internal/middleware/middleware.go:60.30,62.22 2 1
booking_api/internal/middleware/middleware.go:62.22,64.4 1 1
booking_api/internal/middleware/middleware.go:65.3,67.11 3 1
booking_api/internal/middleware/middleware.go:71.33,73.2 1 1
booking_api/internal/middleware/middleware.go:75.33,78.19 3 1
booking_api/internal/middleware/middleware.go:78.19,81.3 2 1
booking_api/internal/middleware/middleware.go:82.2,82.18 1 1
booking_api/internal/server/server.go:28.50,36.41 4 1
booking_api/internal/server/server.go:36.41,37.30 1 1
booking_api/internal/server/server.go:37.30,40.4 2 1
booking_api/internal/server/server.go:41.3,41.32 1 1
booking_api/internal/server/server.go:44.2,53.53 5 1
booking_api/internal/server/server.go:53.53,55.4 1 0
booking_api/internal/server/server.go:58.2,58.10 1 1
booking_api/internal/server/server.go:61.36,62.81 1 1
booking_api/internal/server/server.go:62.81,64.3 1 1
booking_api/internal/server/server.go:65.2,65.12 1 0
booking_api/internal/server/server.go:68.58,72.47 3 1
booking_api/internal/server/server.go:72.47,74.3 1 0
booking_api/internal/server/server.go:76.2,76.12 1 1
booking_api/internal/server/server.go:79.36,84.24 4 1
booking_api/internal/server/server.go:84.24,86.3 1 1
booking_api/internal/server/server.go:88.2,88.47 1 1
booking_api/internal/server/server.go:88.47,90.3 1 0
booking_api/internal/server/server.go:92.2,92.12 1 1
booking_api/internal/server/server.go:95.43,97.2 1 1
booking_api/internal/server/server.go:99.42,100.28 1 1
booking_api/internal/server/server.go:100.28,102.3 1 1
booking_api/internal/config/config.go:26.25,67.2 3 1
booking_api/internal/config/config.go:69.63,70.17 1 1
booking_api/internal/config/config.go:70.17,72.3 1 1
booking_api/internal/config/config.go:73.2,73.14 1 1
booking_api/internal/handler/booking_handler.go:32.93,40.2 1 1
booking_api/internal/handler/booking_handler.go:42.85,44.2 1 1
booking_api/internal/handler/booking_handler.go:46.75,47.12 1 1
booking_api/internal/handler/booking_handler.go:47.12,51.7 3 1
booking_api/internal/handler/booking_handler.go:51.7,52.11 1 1
booking_api/internal/handler/booking_handler.go:53.20,55.19 2 1
booking_api/internal/handler/booking_handler.go:55.19,57.14 2 1
booking_api/internal/handler/booking_handler.go:59.5,59.19 1 1
booking_api/internal/handler/booking_handler.go:59.19,60.14 1 0
booking_api/internal/handler/booking_handler.go:62.5,62.56 1 1
booking_api/internal/handler/booking_handler.go:62.56,64.6 1 1
booking_api/internal/handler/booking_handler.go:65.26,66.11 1 1
booking_api/internal/handler/booking_handler.go:72.52,73.27 1 1
booking_api/internal/handler/booking_handler.go:73.27,75.3 1 1
booking_api/internal/handler/booking_handler.go:78.62,80.2 2 1
booking_api/internal/handler/booking_handler.go:80.2,87.3 6 1
booking_api/internal/handler/booking_handler.go:89.2,90.2 2 1
booking_api/internal/handler/booking_handler.go:90.2,97.3 6 1
booking_api/internal/handler/booking_handler.go:99.2,100.2 2 1
booking_api/internal/handler/booking_handler.go:100.2,102.3 1 1
booking_api/internal/handler/booking_handler.go:117.52,119.47 2 1
booking_api/internal/handler/booking_handler.go:119.47,125.3 2 1
booking_api/internal/handler/booking_handler.go:126.2,127.9 2 1
booking_api/internal/handler/booking_handler.go:127.9,133.3 2 1
booking_api/internal/handler/booking_handler.go:134.2,136.27 2 1
booking_api/internal/handler/booking_handler.go:136.27,137.114 1 1
booking_api/internal/handler/booking_handler.go:137.114,140.4 2 1
booking_api/internal/handler/booking_handler.go:143.2,144.16 2 1
booking_api/internal/handler/booking_handler.go:144.16,147.3 2 1
booking_api/internal/handler/booking_handler.go:149.2,153.34 2 1
booking_api/internal/handler/booking_handler.go:169.57,171.16 2 1
booking_api/internal/handler/booking_handler.go:171.16,177.3 2 0
booking_api/internal/handler/booking_handler.go:179.2,180.15 2 1
booking_api/internal/handler/booking_handler.go:180.15,186.3 2 0
booking_api/internal/handler/booking_handler.go:188.2,189.16 2 1
booking_api/internal/handler/booking_handler.go:189.16,192.3 2 1
booking_api/internal/handler/booking_handler.go:193.2,193.79 1 1
booking_api/internal/handler/booking_handler.go:193.79,199.3 2 1
booking_api/internal/handler/booking_handler.go:201.2,202.16 2 1
booking_api/internal/handler/booking_handler.go:202.16,205.3 2 1
booking_api/internal/handler/booking_handler.go:207.2,212.77 2 1
booking_api/internal/handler/booking_handler.go:212.77,214.3 1 1
booking_api/internal/handler/booking_handler.go:230.56,232.16 2 1
booking_api/internal/handler/booking_handler.go:232.16,238.3 2 0
booking_api/internal/handler/booking_handler.go:240.2,241.15 2 1
booking_api/internal/handler/booking_handler.go:241.15,247.3 2 1
booking_api/internal/handler/booking_handler.go:249.2,250.16 2 1
booking_api/internal/handler/booking_handler.go:250.16,253.3 2 0
booking_api/internal/handler/booking_handler.go:254.2,254.79 1 1
booking_api/internal/handler/booking_handler.go:254.79,260.3 2 1
booking_api/internal/handler/booking_handler.go:262.2,262.59 1 1
booking_api/internal/handler/booking_handler.go:262.59,265.3 2 1
booking_api/internal/handler/booking_handler.go:267.2,271.77 2 1
booking_api/internal/handler/booking_handler.go:271.77,273.3 1 1
booking_api/internal/handler/booking_handler.go:287.53,289.16 2 1
booking_api/internal/handler/booking_handler.go:289.16,295.3 2 1
booking_api/internal/handler/booking_handler.go:297.2,298.15 2 1
booking_api/internal/handler/booking_handler.go:298.15,304.3 2 1
booking_api/internal/handler/booking_handler.go:306.2,307.16 2 1
booking_api/internal/handler/booking_handler.go:307.16,310.3 2 0
booking_api/internal/handler/booking_handler.go:311.2,311.79 1 1
booking_api/internal/handler/booking_handler.go:311.79,317.3 2 1
booking_api/internal/handler/booking_handler.go:319.2,321.4 1 1
booking_api/internal/handler/booking_handler.go:336.60,338.16 2 1
booking_api/internal/handler/booking_handler.go:338.16,344.3 2 1
booking_api/internal/handler/booking_handler.go:345.2,346.15 2 1
booking_api/internal/handler/booking_handler.go:346.15,352.3 2 1
booking_api/internal/handler/booking_handler.go:353.2,353.62 1 1
booking_api/internal/handler/booking_handler.go:353.62,359.3 2 1
booking_api/internal/handler/booking_handler.go:361.2,362.55 2 1
booking_api/internal/handler/booking_handler.go:362.55,368.3 2 1
booking_api/internal/handler/booking_handler.go:370.2,371.16 2 1
booking_api/internal/handler/booking_handler.go:371.16,374.3 2 0
booking_api/internal/handler/booking_handler.go:376.2,384.4 2 1
booking_api/internal/handler/booking_handler.go:397.57,399.16 2 1
booking_api/internal/handler/booking_handler.go:399.16,405.3 2 1
booking_api/internal/handler/booking_handler.go:407.2,408.16 2 1
booking_api/internal/handler/booking_handler.go:408.16,411.3 2 1
booking_api/internal/handler/booking_handler.go:413.2,415.4 1 1
booking_api/internal/handler/booking_handler.go:418.52,420.9 2 1
booking_api/internal/handler/booking_handler.go:420.9,422.3 1 0
booking_api/internal/handler/booking_handler.go:423.2,423.27 1 1
booking_api/internal/handler/booking_handler.go:423.27,429.3 2 1
booking_api/internal/handler/booking_handler.go:431.2,432.16 2 1
booking_api/internal/handler/booking_handler.go:432.16,435.3 2 1
booking_api/internal/handler/booking_handler.go:436.2,439.4 1 1
booking_api/internal/handler/booking_handler.go:442.57,444.9 2 1
booking_api/internal/handler/booking_handler.go:444.9,446.3 1 0
booking_api/internal/handler/booking_handler.go:447.2,447.27 1 1
booking_api/internal/handler/booking_handler.go:447.27,453.3 2 1
booking_api/internal/handler/booking_handler.go:455.2,456.16 2 1
booking_api/internal/handler/booking_handler.go:456.16,459.3 2 1
booking_api/internal/handler/booking_handler.go:460.2,462.4 1 1
booking_api/internal/handler/booking_handler.go:465.53,467.9 2 1
booking_api/internal/handler/booking_handler.go:467.9,469.3 1 0
booking_api/internal/handler/booking_handler.go:470.2,470.27 1 1
booking_api/internal/handler/booking_handler.go:470.27,476.3 2 1
booking_api/internal/handler/booking_handler.go:478.2,478.86 1 1
booking_api/internal/handler/booking_handler.go:478.86,481.3 2 1
booking_api/internal/handler/booking_handler.go:482.2,484.4 1 1
booking_api/internal/handler/booking_handler.go:487.57,489.9 2 1
booking_api/internal/handler/booking_handler.go:489.9,491.3 1 0
booking_api/internal/handler/booking_handler.go:492.2,492.27 1 1
booking_api/internal/handler/booking_handler.go:492.27,498.3 2 1
booking_api/internal/handler/booking_handler.go:500.2,501.16 2 1
booking_api/internal/handler/booking_handler.go:501.16,504.3 2 1
booking_api/internal/handler/booking_handler.go:505.2,507.4 1 1
booking_api/internal/handler/booking_handler.go:513.42,515.3 1 1
booking_api/internal/handler/booking_handler.go:524.60,526.16 2 1
booking_api/internal/handler/booking_handler.go:526.16,532.3 2 1
booking_api/internal/handler/booking_handler.go:534.2,535.16 2 1
booking_api/internal/handler/booking_handler.go:535.16,538.3 2 1
booking_api/internal/handler/booking_handler.go:539.2,544.65 4 1
booking_api/internal/handler/booking_handler.go:544.65,545.75 1 1
booking_api/internal/handler/booking_handler.go:545.75,547.4 1 0
booking_api/internal/handler/booking_handler.go:548.8,550.3 1 1
booking_api/internal/handler/booking_handler.go:552.2,553.12 2 1
booking_api/internal/handler/booking_handler.go:553.12,555.7 2 1
booking_api/internal/handler/booking_handler.go:555.7,556.51 1 1
booking_api/internal/handler/booking_handler.go:556.51,558.5 1 1
booking_api/internal/handler/booking_handler.go:562.2,565.6 3 1
booking_api/internal/handler/booking_handler.go:565.6,566.10 1 1
booking_api/internal/handler/booking_handler.go:567.15,568.10 1 1
booking_api/internal/handler/booking_handler.go:569.29,570.76 1 1
booking_api/internal/handler/booking_handler.go:570.76,572.5 1 0
booking_api/internal/handler/booking_handler.go:573.23,574.72 1 0
booking_api/internal/handler/booking_handler.go:574.72,576.5 1 0
booking_api/internal/handler/booking_handler.go:590.62,592.16 2 1
booking_api/internal/handler/booking_handler.go:592.16,595.3 2 1
booking_api/internal/handler/booking_handler.go:597.2,602.53 2 1
booking_api/internal/handler/booking_handler.go:602.53,604.3 1 0
booking_api/internal/handler/booking_handler.go:618.60,620.16 2 1
booking_api/internal/handler/booking_handler.go:620.16,623.3 2 1
booking_api/internal/handler/booking_handler.go:625.2,627.4 1 1
booking_api/internal/handler/booking_handler.go:630.63,632.16 2 1
booking_api/internal/handler/booking_handler.go:632.16,635.3 2 1
booking_api/internal/handler/booking_handler.go:636.2,636.42 1 1
booking_api/internal/handler/booking_handler.go:639.82,641.16 2 1
booking_api/internal/handler/booking_handler.go:641.16,643.3 1 1
booking_api/internal/handler/booking_handler.go:645.2,648.4 1 1
booking_api/internal/handler/booking_handler.go:651.86,653.16 2 1
booking_api/internal/handler/booking_handler.go:653.16,659.3 2 1
booking_api/internal/handler/booking_handler.go:661.2,662.9 2 1
booking_api/internal/handler/booking_handler.go:662.9,668.3 2 1
booking_api/internal/handler/booking_handler.go:669.2,669.33 1 1
booking_api/internal/handler/booking_handler.go:674.65,676.29 2 1
booking_api/internal/handler/booking_handler.go:676.29,682.3 2 1
booking_api/internal/handler/booking_handler.go:684.2,688.4 2 1
booking_api/internal/repository/booking_repository.go:36.78,41.2 1 1
booking_api/internal/repository/booking_repository.go:43.95,51.32 2 1
booking_api/internal/repository/booking_repository.go:51.32,52.36 1 1
booking_api/internal/repository/booking_repository.go:52.36,54.4 1 1
booking_api/internal/repository/booking_repository.go:55.3,55.87 1 0
booking_api/internal/repository/booking_repository.go:57.2,57.46 1 1
booking_api/internal/repository/booking_repository.go:60.89,71.16 3 0
booking_api/internal/repository/booking_repository.go:71.16,72.36 1 0
booking_api/internal/repository/booking_repository.go:72.36,74.4 1 0
booking_api/internal/repository/booking_repository.go:75.3,75.82 1 0
booking_api/internal/repository/booking_repository.go:78.2,78.38 1 0
booking_api/internal/repository/booking_repository.go:81.97,91.16 4 1
booking_api/internal/repository/booking_repository.go:91.16,93.3 1 1
booking_api/internal/repository/booking_repository.go:95.2,95.20 1 1
booking_api/internal/repository/booking_repository.go:95.20,97.30 2 1
booking_api/internal/repository/booking_repository.go:97.30,99.4 1 1
booking_api/internal/repository/booking_repository.go:101.3,104.36 2 1
booking_api/internal/repository/booking_repository.go:104.36,106.4 1 0
booking_api/internal/repository/booking_repository.go:108.3,109.28 2 1
booking_api/internal/repository/booking_repository.go:109.28,111.4 1 1
booking_api/internal/repository/booking_repository.go:113.3,113.24 1 1
booking_api/internal/repository/booking_repository.go:113.24,114.50 1 1
booking_api/internal/repository/booking_repository.go:114.50,117.5 2 1
booking_api/internal/repository/booking_repository.go:121.2,121.23 1 1
booking_api/internal/repository/booking_repository.go:121.23,124.35 1 1
booking_api/internal/repository/booking_repository.go:124.35,129.4 3 1
booking_api/internal/repository/booking_repository.go:132.2,132.19 1 1
booking_api/internal/repository/booking_repository.go:137.90,140.50 2 1
booking_api/internal/repository/booking_repository.go:140.50,163.35 4 1
booking_api/internal/repository/booking_repository.go:163.35,165.4 1 1
booking_api/internal/repository/booking_repository.go:167.3,167.37 1 1
booking_api/internal/repository/booking_repository.go:167.37,179.41 2 1
booking_api/internal/repository/booking_repository.go:179.41,181.5 1 0
booking_api/internal/repository/booking_repository.go:183.4,183.28 1 1
booking_api/internal/repository/booking_repository.go:183.28,185.5 1 0
booking_api/internal/repository/booking_repository.go:187.4,188.36 2 1
booking_api/internal/repository/booking_repository.go:188.36,189.28 1 1
booking_api/internal/repository/booking_repository.go:189.28,191.14 2 0
booking_api/internal/repository/booking_repository.go:193.5,193.102 1 1
booking_api/internal/repository/booking_repository.go:196.4,198.5 1 1
booking_api/internal/repository/booking_repository.go:201.3,208.50 2 1
booking_api/internal/repository/booking_repository.go:208.50,210.4 1 0
booking_api/internal/repository/booking_repository.go:212.3,213.27 2 1
booking_api/internal/repository/booking_repository.go:213.27,215.4 1 1
booking_api/internal/repository/booking_repository.go:217.3,223.25 1 1
booking_api/internal/repository/booking_repository.go:223.25,225.4 1 0
booking_api/internal/repository/booking_repository.go:227.3,230.38 2 1
booking_api/internal/repository/booking_repository.go:230.38,232.4 1 0
booking_api/internal/repository/booking_repository.go:234.3,235.30 2 1
booking_api/internal/repository/booking_repository.go:235.30,237.4 1 1
booking_api/internal/repository/booking_repository.go:239.3,240.27 2 1
booking_api/internal/repository/booking_repository.go:240.27,242.11 2 1
booking_api/internal/repository/booking_repository.go:242.11,246.5 1 1
booking_api/internal/repository/booking_repository.go:248.4,252.6 1 1
booking_api/internal/repository/booking_repository.go:255.3,255.49 1 1
booking_api/internal/repository/booking_repository.go:255.49,257.4 1 0
booking_api/internal/repository/booking_repository.go:259.3,261.59 1 1
booking_api/internal/repository/booking_repository.go:261.59,263.4 1 0
booking_api/internal/repository/booking_repository.go:265.3,265.13 1 1
booking_api/internal/repository/booking_repository.go:268.2,268.21 1 1
booking_api/internal/repository/booking_repository.go:273.90,276.50 2 1
booking_api/internal/repository/booking_repository.go:276.50,280.82 1 1
booking_api/internal/repository/booking_repository.go:280.82,281.37 1 1
booking_api/internal/repository/booking_repository.go:281.37,283.5 1 1
booking_api/internal/repository/booking_repository.go:284.4,284.14 1 0
booking_api/internal/repository/booking_repository.go:287.3,287.52 1 1
booking_api/internal/repository/booking_repository.go:287.52,291.4 1 1
booking_api/internal/repository/booking_repository.go:293.3,294.64 2 1
booking_api/internal/repository/booking_repository.go:294.64,296.4 1 1
booking_api/internal/repository/booking_repository.go:298.3,303.25 1 1
booking_api/internal/repository/booking_repository.go:303.25,305.4 1 0
booking_api/internal/repository/booking_repository.go:307.3,308.38 2 1
booking_api/internal/repository/booking_repository.go:308.38,310.4 1 1
booking_api/internal/repository/booking_repository.go:312.3,317.25 1 1
booking_api/internal/repository/booking_repository.go:317.25,319.4 1 0
booking_api/internal/repository/booking_repository.go:321.3,324.13 3 1
booking_api/internal/repository/booking_repository.go:327.2,327.16 1 1
booking_api/internal/repository/booking_repository.go:327.16,329.3 1 1
booking_api/internal/repository/booking_repository.go:331.2,331.22 1 1
booking_api/internal/repository/booking_repository.go:336.89,339.50 2 1
booking_api/internal/repository/booking_repository.go:339.50,343.82 1 1
booking_api/internal/repository/booking_repository.go:343.82,344.37 1 1
booking_api/internal/repository/booking_repository.go:344.37,346.5 1 1
booking_api/internal/repository/booking_repository.go:347.4,347.14 1 0
booking_api/internal/repository/booking_repository.go:350.3,350.53 1 1
booking_api/internal/repository/booking_repository.go:350.53,352.4 1 1
booking_api/internal/repository/booking_repository.go:354.3,354.52 1 1
booking_api/internal/repository/booking_repository.go:354.52,356.4 1 1
booking_api/internal/repository/booking_repository.go:358.3,358.52 1 1
booking_api/internal/repository/booking_repository.go:358.52,362.4 1 1
booking_api/internal/repository/booking_repository.go:364.3,369.25 1 1
booking_api/internal/repository/booking_repository.go:369.25,371.4 1 0
booking_api/internal/repository/booking_repository.go:373.3,374.38 2 1
booking_api/internal/repository/booking_repository.go:374.38,376.4 1 1
booking_api/internal/repository/booking_repository.go:378.3,384.25 1 1
booking_api/internal/repository/booking_repository.go:384.25,386.4 1 0
booking_api/internal/repository/booking_repository.go:388.3,391.13 3 1
booking_api/internal/repository/booking_repository.go:394.2,394.16 1 1
booking_api/internal/repository/booking_repository.go:394.16,396.3 1 1
booking_api/internal/repository/booking_repository.go:398.2,398.22 1 1
booking_api/internal/repository/booking_repository.go:403.90,410.16 3 1
booking_api/internal/repository/booking_repository.go:410.16,411.36 1 1
booking_api/internal/repository/booking_repository.go:411.36,413.4 1 1
booking_api/internal/repository/booking_repository.go:414.3,414.65 1 1
booking_api/internal/repository/booking_repository.go:417.2,417.22 1 1
booking_api/internal/repository/booking_repository.go:422.118,428.50 4 1
booking_api/internal/repository/booking_repository.go:428.50,430.3 1 1
booking_api/internal/repository/booking_repository.go:432.2,442.16 3 1
booking_api/internal/repository/booking_repository.go:442.16,444.3 1 0
booking_api/internal/repository/booking_repository.go:446.2,446.29 1 1
booking_api/internal/repository/booking_repository.go:451.66,455.50 3 1
booking_api/internal/repository/booking_repository.go:455.50,460.45 2 1
booking_api/internal/repository/booking_repository.go:460.45,462.4 1 1
booking_api/internal/repository/booking_repository.go:464.3,464.32 1 1
booking_api/internal/repository/booking_repository.go:464.32,466.4 1 1
booking_api/internal/repository/booking_repository.go:468.3,469.37 2 1
booking_api/internal/repository/booking_repository.go:469.37,471.4 1 1
booking_api/internal/repository/booking_repository.go:474.3,478.26 2 1
booking_api/internal/repository/booking_repository.go:478.26,480.4 1 1
booking_api/internal/repository/booking_repository.go:482.3,491.25 2 1
booking_api/internal/repository/booking_repository.go:491.25,493.4 1 0
booking_api/internal/repository/booking_repository.go:495.3,500.13 2 1
booking_api/internal/repository/booking_repository.go:503.2,503.27 1 1
booking_api/internal/repository/booking_repository.go:508.86,521.41 4 1
booking_api/internal/repository/booking_repository.go:521.41,523.3 1 1
booking_api/internal/repository/booking_repository.go:524.2,524.34 1 1
booking_api/internal/repository/booking_repository.go:524.34,526.42 2 1
booking_api/internal/repository/booking_repository.go:527.33,528.33 1 1
booking_api/internal/repository/booking_repository.go:529.36,530.36 1 1
booking_api/internal/repository/booking_repository.go:531.37,532.37 1 1
booking_api/internal/repository/booking_repository.go:533.36,534.36 1 0
booking_api/internal/repository/booking_repository.go:539.2,547.39 3 1
booking_api/internal/repository/booking_repository.go:547.39,549.3 1 0
booking_api/internal/repository/booking_repository.go:550.2,550.32 1 1
booking_api/internal/repository/booking_repository.go:550.32,552.47 2 1
booking_api/internal/repository/booking_repository.go:553.43,554.35 1 1
booking_api/internal/repository/booking_repository.go:555.41,556.33 1 1
booking_api/internal/repository/booking_repository.go:557.38,559.32 2 1
booking_api/internal/repository/booking_repository.go:564.2,572.38 3 1
booking_api/internal/repository/booking_repository.go:572.38,574.3 1 0
booking_api/internal/repository/booking_repository.go:575.2,591.40 5 1
booking_api/internal/repository/booking_repository.go:591.40,593.3 1 0
booking_api/internal/repository/booking_repository.go:596.2,597.32 2 1
booking_api/internal/repository/booking_repository.go:597.32,599.3 1 1
booking_api/internal/repository/booking_repository.go:600.2,601.26 2 1
booking_api/internal/repository/booking_repository.go:601.26,607.3 2 1
booking_api/internal/repository/booking_repository.go:608.2,610.19 2 1
booking_api/internal/application/app.go:43.46,45.16 2 1
booking_api/internal/application/app.go:45.16,47.3 1 1
booking_api/internal/application/app.go:49.2,52.16 3 1
booking_api/internal/application/app.go:52.16,54.3 1 1
booking_api/internal/application/app.go:57.2,59.26 3 1
booking_api/internal/application/app.go:59.26,64.17 5 1
booking_api/internal/application/app.go:64.17,67.4 2 0
booking_api/internal/application/app.go:68.3,73.83 3 1
booking_api/internal/application/app.go:74.8,76.3 1 1
booking_api/internal/application/app.go:78.2,112.8 19 1
booking_api/internal/application/app.go:115.31,118.2 2 1
booking_api/internal/application/app.go:120.53,123.49 2 1
booking_api/internal/application/app.go:123.49,126.3 2 0
booking_api/internal/application/app.go:128.2,132.12 4 1
booking_api/internal/application/app.go:135.39,138.43 2 1
booking_api/internal/application/app.go:138.43,141.3 2 0
booking_api/internal/application/app.go:143.2,147.12 4 1
booking_api/internal/application/app.go:150.27,151.25 1 1
booking_api/internal/application/app.go:151.25,153.17 2 1
booking_api/internal/application/app.go:153.17,155.4 1 1
booking_api/internal/application/app.go:156.3,156.26 1 1
booking_api/internal/application/app.go:156.26,158.4 1 1
booking_api/internal/application/app.go:159.3,159.25 1 1
booking_api/internal/application/app.go:159.25,161.4 1 1
