mode: set
booking_api/internal/handler/booking_handler.go:31.93,39.2 1 1
booking_api/internal/handler/booking_handler.go:41.75,42.12 1 1
booking_api/internal/handler/booking_handler.go:42.12,46.7 3 1
booking_api/internal/handler/booking_handler.go:46.7,47.11 1 1
booking_api/internal/handler/booking_handler.go:48.20,50.19 2 1
booking_api/internal/handler/booking_handler.go:50.19,52.14 2 1
booking_api/internal/handler/booking_handler.go:54.5,54.19 1 1
booking_api/internal/handler/booking_handler.go:54.19,55.14 1 0
booking_api/internal/handler/booking_handler.go:57.5,57.56 1 1
booking_api/internal/handler/booking_handler.go:57.56,59.6 1 1
booking_api/internal/handler/booking_handler.go:60.26,61.11 1 1
booking_api/internal/handler/booking_handler.go:67.52,68.27 1 1
booking_api/internal/handler/booking_handler.go:68.27,70.3 1 1
booking_api/internal/handler/booking_handler.go:73.62,75.2 2 1
booking_api/internal/handler/booking_handler.go:75.2,82.3 6 1
booking_api/internal/handler/booking_handler.go:84.2,85.2 2 1
booking_api/internal/handler/booking_handler.go:85.2,88.3 2 1
booking_api/internal/handler/booking_handler.go:90.2,91.2 2 1
booking_api/internal/handler/booking_handler.go:91.2,93.3 1 1
booking_api/internal/handler/booking_handler.go:108.52,110.47 2 1
booking_api/internal/handler/booking_handler.go:110.47,116.3 2 1
booking_api/internal/handler/booking_handler.go:117.2,118.9 2 1
booking_api/internal/handler/booking_handler.go:118.9,124.3 2 1
booking_api/internal/handler/booking_handler.go:125.2,128.16 3 1
booking_api/internal/handler/booking_handler.go:128.16,131.3 2 1
booking_api/internal/handler/booking_handler.go:133.2,137.34 2 1
booking_api/internal/handler/booking_handler.go:153.57,155.16 2 1
booking_api/internal/handler/booking_handler.go:155.16,161.3 2 0
booking_api/internal/handler/booking_handler.go:163.2,164.15 2 1
booking_api/internal/handler/booking_handler.go:164.15,170.3 2 0
booking_api/internal/handler/booking_handler.go:172.2,173.16 2 1
booking_api/internal/handler/booking_handler.go:173.16,176.3 2 1
booking_api/internal/handler/booking_handler.go:177.2,177.79 1 1
booking_api/internal/handler/booking_handler.go:177.79,183.3 2 1
booking_api/internal/handler/booking_handler.go:185.2,186.16 2 1
booking_api/internal/handler/booking_handler.go:186.16,189.3 2 1
booking_api/internal/handler/booking_handler.go:191.2,196.77 2 1
booking_api/internal/handler/booking_handler.go:196.77,198.3 1 1
booking_api/internal/handler/booking_handler.go:214.56,216.16 2 1
booking_api/internal/handler/booking_handler.go:216.16,222.3 2 0
booking_api/internal/handler/booking_handler.go:224.2,225.15 2 1
booking_api/internal/handler/booking_handler.go:225.15,231.3 2 1
booking_api/internal/handler/booking_handler.go:233.2,234.16 2 1
booking_api/internal/handler/booking_handler.go:234.16,237.3 2 0
booking_api/internal/handler/booking_handler.go:238.2,238.79 1 1
booking_api/internal/handler/booking_handler.go:238.79,244.3 2 1
booking_api/internal/handler/booking_handler.go:246.2,246.59 1 1
booking_api/internal/handler/booking_handler.go:246.59,249.3 2 1
booking_api/internal/handler/booking_handler.go:251.2,255.77 2 1
booking_api/internal/handler/booking_handler.go:255.77,257.3 1 1
booking_api/internal/handler/booking_handler.go:271.53,273.16 2 1
booking_api/internal/handler/booking_handler.go:273.16,279.3 2 1
booking_api/internal/handler/booking_handler.go:281.2,282.15 2 1
booking_api/internal/handler/booking_handler.go:282.15,288.3 2 1
booking_api/internal/handler/booking_handler.go:290.2,291.16 2 1
booking_api/internal/handler/booking_handler.go:291.16,294.3 2 0
booking_api/internal/handler/booking_handler.go:295.2,295.79 1 1
booking_api/internal/handler/booking_handler.go:295.79,301.3 2 1
booking_api/internal/handler/booking_handler.go:303.2,305.4 1 1
booking_api/internal/handler/booking_handler.go:320.60,322.16 2 1
booking_api/internal/handler/booking_handler.go:322.16,328.3 2 1
booking_api/internal/handler/booking_handler.go:329.2,330.15 2 1
booking_api/internal/handler/booking_handler.go:330.15,336.3 2 1
booking_api/internal/handler/booking_handler.go:337.2,337.62 1 1
booking_api/internal/handler/booking_handler.go:337.62,343.3 2 1
booking_api/internal/handler/booking_handler.go:345.2,346.55 2 1
booking_api/internal/handler/booking_handler.go:346.55,352.3 2 1
booking_api/internal/handler/booking_handler.go:354.2,355.16 2 1
booking_api/internal/handler/booking_handler.go:355.16,358.3 2 0
booking_api/internal/handler/booking_handler.go:360.2,368.4 2 1
booking_api/internal/handler/booking_handler.go:381.57,383.16 2 1
booking_api/internal/handler/booking_handler.go:383.16,389.3 2 1
booking_api/internal/handler/booking_handler.go:391.2,392.16 2 1
booking_api/internal/handler/booking_handler.go:392.16,395.3 2 1
booking_api/internal/handler/booking_handler.go:397.2,399.4 1 1
booking_api/internal/handler/booking_handler.go:405.42,407.3 1 1
booking_api/internal/handler/booking_handler.go:416.60,418.16 2 1
booking_api/internal/handler/booking_handler.go:418.16,424.3 2 1
booking_api/internal/handler/booking_handler.go:426.2,427.16 2 1
booking_api/internal/handler/booking_handler.go:427.16,430.3 2 1
booking_api/internal/handler/booking_handler.go:431.2,436.65 4 1
booking_api/internal/handler/booking_handler.go:436.65,437.75 1 1
booking_api/internal/handler/booking_handler.go:437.75,439.4 1 0
booking_api/internal/handler/booking_handler.go:440.8,442.3 1 1
booking_api/internal/handler/booking_handler.go:444.2,445.12 2 1
booking_api/internal/handler/booking_handler.go:445.12,447.7 2 1
booking_api/internal/handler/booking_handler.go:447.7,448.51 1 1
booking_api/internal/handler/booking_handler.go:448.51,450.5 1 1
booking_api/internal/handler/booking_handler.go:454.2,457.6 3 1
booking_api/internal/handler/booking_handler.go:457.6,458.10 1 1
booking_api/internal/handler/booking_handler.go:459.15,460.10 1 1
booking_api/internal/handler/booking_handler.go:461.29,462.76 1 1
booking_api/internal/handler/booking_handler.go:462.76,464.5 1 0
booking_api/internal/handler/booking_handler.go:465.23,466.72 1 0
booking_api/internal/handler/booking_handler.go:466.72,468.5 1 0
booking_api/internal/handler/booking_handler.go:482.62,484.16 2 1
booking_api/internal/handler/booking_handler.go:484.16,487.3 2 1
booking_api/internal/handler/booking_handler.go:489.2,494.53 2 1
booking_api/internal/handler/booking_handler.go:494.53,496.3 1 0
booking_api/internal/handler/booking_handler.go:510.60,512.16 2 1
booking_api/internal/handler/booking_handler.go:512.16,515.3 2 1
booking_api/internal/handler/booking_handler.go:517.2,519.4 1 1
booking_api/internal/handler/booking_handler.go:522.63,524.16 2 1
booking_api/internal/handler/booking_handler.go:524.16,527.3 2 1
booking_api/internal/handler/booking_handler.go:528.2,528.42 1 1
booking_api/internal/handler/booking_handler.go:531.82,533.16 2 1
booking_api/internal/handler/booking_handler.go:533.16,535.3 1 1
booking_api/internal/handler/booking_handler.go:537.2,540.4 1 1
booking_api/internal/handler/booking_handler.go:545.65,547.29 2 1
booking_api/internal/handler/booking_handler.go:547.29,553.3 2 1
booking_api/internal/handler/booking_handler.go:555.2,559.4 2 1
