mode: set
booking_api/internal/repository/booking_repository.go:34.78,39.2 1 1
booking_api/internal/repository/booking_repository.go:41.97,51.16 4 1
booking_api/internal/repository/booking_repository.go:51.16,53.3 1 1
booking_api/internal/repository/booking_repository.go:55.2,55.23 1 1
booking_api/internal/repository/booking_repository.go:55.23,58.35 1 1
booking_api/internal/repository/booking_repository.go:58.35,63.4 3 1
booking_api/internal/repository/booking_repository.go:66.2,66.19 1 1
booking_api/internal/repository/booking_repository.go:71.90,74.50 2 1
booking_api/internal/repository/booking_repository.go:74.50,97.35 4 1
booking_api/internal/repository/booking_repository.go:97.35,99.4 1 1
booking_api/internal/repository/booking_repository.go:101.3,101.37 1 1
booking_api/internal/repository/booking_repository.go:101.37,113.41 2 1
booking_api/internal/repository/booking_repository.go:113.41,115.5 1 0
booking_api/internal/repository/booking_repository.go:117.4,117.28 1 1
booking_api/internal/repository/booking_repository.go:117.28,119.5 1 0
booking_api/internal/repository/booking_repository.go:121.4,122.36 2 1
booking_api/internal/repository/booking_repository.go:122.36,123.28 1 1
booking_api/internal/repository/booking_repository.go:123.28,125.14 2 0
booking_api/internal/repository/booking_repository.go:127.5,127.102 1 1
booking_api/internal/repository/booking_repository.go:130.4,132.5 1 1
booking_api/internal/repository/booking_repository.go:135.3,142.50 2 1
booking_api/internal/repository/booking_repository.go:142.50,144.4 1 0
booking_api/internal/repository/booking_repository.go:146.3,147.27 2 1
booking_api/internal/repository/booking_repository.go:147.27,149.4 1 1
booking_api/internal/repository/booking_repository.go:151.3,157.25 1 1
booking_api/internal/repository/booking_repository.go:157.25,159.4 1 0
booking_api/internal/repository/booking_repository.go:161.3,164.38 2 1
booking_api/internal/repository/booking_repository.go:164.38,166.4 1 0
booking_api/internal/repository/booking_repository.go:168.3,169.30 2 1
booking_api/internal/repository/booking_repository.go:169.30,171.4 1 1
booking_api/internal/repository/booking_repository.go:173.3,174.27 2 1
booking_api/internal/repository/booking_repository.go:174.27,176.11 2 1
booking_api/internal/repository/booking_repository.go:176.11,180.5 1 1
booking_api/internal/repository/booking_repository.go:182.4,186.6 1 1
booking_api/internal/repository/booking_repository.go:189.3,189.49 1 1
booking_api/internal/repository/booking_repository.go:189.49,191.4 1 0
booking_api/internal/repository/booking_repository.go:193.3,195.59 1 1
booking_api/internal/repository/booking_repository.go:195.59,197.4 1 0
booking_api/internal/repository/booking_repository.go:199.3,199.13 1 1
booking_api/internal/repository/booking_repository.go:202.2,202.21 1 1
booking_api/internal/repository/booking_repository.go:207.90,210.50 2 1
booking_api/internal/repository/booking_repository.go:210.50,214.82 1 1
booking_api/internal/repository/booking_repository.go:214.82,215.37 1 1
booking_api/internal/repository/booking_repository.go:215.37,217.5 1 1
booking_api/internal/repository/booking_repository.go:218.4,218.14 1 0
booking_api/internal/repository/booking_repository.go:221.3,221.52 1 1
booking_api/internal/repository/booking_repository.go:221.52,225.4 1 1
booking_api/internal/repository/booking_repository.go:227.3,228.64 2 1
booking_api/internal/repository/booking_repository.go:228.64,230.4 1 1
booking_api/internal/repository/booking_repository.go:232.3,237.24 1 1
booking_api/internal/repository/booking_repository.go:237.24,239.4 1 0
booking_api/internal/repository/booking_repository.go:241.3,242.38 2 1
booking_api/internal/repository/booking_repository.go:242.38,244.4 1 1
booking_api/internal/repository/booking_repository.go:246.3,251.25 1 1
booking_api/internal/repository/booking_repository.go:251.25,253.4 1 0
booking_api/internal/repository/booking_repository.go:255.3,258.13 3 1
booking_api/internal/repository/booking_repository.go:261.2,261.16 1 1
booking_api/internal/repository/booking_repository.go:261.16,263.3 1 1
booking_api/internal/repository/booking_repository.go:265.2,265.22 1 1
booking_api/internal/repository/booking_repository.go:270.89,273.50 2 1
booking_api/internal/repository/booking_repository.go:273.50,277.82 1 1
booking_api/internal/repository/booking_repository.go:277.82,278.37 1 1
booking_api/internal/repository/booking_repository.go:278.37,280.5 1 1
booking_api/internal/repository/booking_repository.go:281.4,281.14 1 0
booking_api/internal/repository/booking_repository.go:284.3,284.53 1 1
booking_api/internal/repository/booking_repository.go:284.53,286.4 1 1
booking_api/internal/repository/booking_repository.go:288.3,288.52 1 1
booking_api/internal/repository/booking_repository.go:288.52,290.4 1 1
booking_api/internal/repository/booking_repository.go:292.3,292.52 1 1
booking_api/internal/repository/booking_repository.go:292.52,296.4 1 1
booking_api/internal/repository/booking_repository.go:298.3,303.24 1 1
booking_api/internal/repository/booking_repository.go:303.24,305.4 1 0
booking_api/internal/repository/booking_repository.go:307.3,308.38 2 1
booking_api/internal/repository/booking_repository.go:308.38,310.4 1 1
booking_api/internal/repository/booking_repository.go:312.3,318.25 1 1
booking_api/internal/repository/booking_repository.go:318.25,320.4 1 0
booking_api/internal/repository/booking_repository.go:322.3,325.13 3 1
booking_api/internal/repository/booking_repository.go:328.2,328.16 1 1
booking_api/internal/repository/booking_repository.go:328.16,330.3 1 1
booking_api/internal/repository/booking_repository.go:332.2,332.22 1 1
booking_api/internal/repository/booking_repository.go:337.90,344.16 3 1
booking_api/internal/repository/booking_repository.go:344.16,345.36 1 1
booking_api/internal/repository/booking_repository.go:345.36,347.4 1 1
booking_api/internal/repository/booking_repository.go:348.3,348.65 1 1
booking_api/internal/repository/booking_repository.go:351.2,351.22 1 1
booking_api/internal/repository/booking_repository.go:356.118,362.50 4 1
booking_api/internal/repository/booking_repository.go:362.50,364.3 1 1
booking_api/internal/repository/booking_repository.go:366.2,376.16 3 1
booking_api/internal/repository/booking_repository.go:376.16,378.3 1 0
booking_api/internal/repository/booking_repository.go:380.2,380.29 1 1
booking_api/internal/repository/booking_repository.go:385.66,389.50 3 1
booking_api/internal/repository/booking_repository.go:389.50,394.45 2 1
booking_api/internal/repository/booking_repository.go:394.45,396.4 1 1
booking_api/internal/repository/booking_repository.go:398.3,398.32 1 1
booking_api/internal/repository/booking_repository.go:398.32,400.4 1 1
booking_api/internal/repository/booking_repository.go:402.3,403.37 2 1
booking_api/internal/repository/booking_repository.go:403.37,405.4 1 1
booking_api/internal/repository/booking_repository.go:408.3,412.26 2 1
booking_api/internal/repository/booking_repository.go:412.26,414.4 1 1
booking_api/internal/repository/booking_repository.go:416.3,425.25 2 1
booking_api/internal/repository/booking_repository.go:425.25,427.4 1 0
booking_api/internal/repository/booking_repository.go:429.3,434.13 2 1
booking_api/internal/repository/booking_repository.go:437.2,437.27 1 1
booking_api/internal/repository/booking_repository.go:442.86,455.41 4 1
booking_api/internal/repository/booking_repository.go:455.41,457.3 1 1
booking_api/internal/repository/booking_repository.go:458.2,458.34 1 1
booking_api/internal/repository/booking_repository.go:458.34,460.42 2 1
booking_api/internal/repository/booking_repository.go:461.33,462.33 1 1
booking_api/internal/repository/booking_repository.go:463.36,464.36 1 1
booking_api/internal/repository/booking_repository.go:465.37,466.37 1 1
booking_api/internal/repository/booking_repository.go:467.36,468.36 1 0
booking_api/internal/repository/booking_repository.go:473.2,481.39 3 1
booking_api/internal/repository/booking_repository.go:481.39,483.3 1 0
booking_api/internal/repository/booking_repository.go:484.2,484.32 1 1
booking_api/internal/repository/booking_repository.go:484.32,486.47 2 1
booking_api/internal/repository/booking_repository.go:487.43,488.35 1 1
booking_api/internal/repository/booking_repository.go:489.41,490.33 1 1
booking_api/internal/repository/booking_repository.go:491.38,493.32 2 1
booking_api/internal/repository/booking_repository.go:498.2,506.38 3 1
booking_api/internal/repository/booking_repository.go:506.38,508.3 1 0
booking_api/internal/repository/booking_repository.go:509.2,525.40 5 1
booking_api/internal/repository/booking_repository.go:525.40,527.3 1 0
booking_api/internal/repository/booking_repository.go:530.2,531.32 2 1
booking_api/internal/repository/booking_repository.go:531.32,533.3 1 1
booking_api/internal/repository/booking_repository.go:534.2,535.26 2 1
booking_api/internal/repository/booking_repository.go:535.26,541.3 2 1
booking_api/internal/repository/booking_repository.go:542.2,544.19 2 1
